2021-12-09 13:05:38,820 [Worker-0: Loading available Gradle versions] INFO  o.e.b.c.i.u.g.PublishedGradleVersions - Gradle version information cache is out-of-date. Trying to update.
2021-12-09 13:07:43,818 [Worker-13: Creating project "final_fw1"] INFO  o.e.m.c.i.l.LifecycleMappingFactory - Using org.eclipse.m2e.jdt.JarLifecycleMapping lifecycle mapping for MavenProject: final_fw:final_fw1:0.0.1-SNAPSHOT @ /home/yunusshaik/Desktop/Final_FW/final_fw1/pom.xml.
2021-12-09 13:07:44,785 [Worker-13: Creating project "final_fw1"] INFO  o.e.m.j.i.AbstractJavaProjectConfigurator - Adding source folder /final_fw1/src/main/java
2021-12-09 13:07:44,786 [Worker-13: Creating project "final_fw1"] INFO  o.e.m.j.i.AbstractJavaProjectConfigurator - Adding resource folder /final_fw1/src/main/resources
2021-12-09 13:07:44,787 [Worker-13: Creating project "final_fw1"] INFO  o.e.m.j.i.AbstractJavaProjectConfigurator - Adding source folder /final_fw1/src/test/java
2021-12-09 13:07:44,787 [Worker-13: Creating project "final_fw1"] INFO  o.e.m.j.i.AbstractJavaProjectConfigurator - Adding resource folder /final_fw1/src/test/resources
2021-12-09 13:07:45,310 [Worker-1: Building] WARN  o.e.m.c.i.embedder.EclipseLogger - Using platform encoding (UTF-8 actually) to copy filtered resources, i.e. build is platform dependent!
2021-12-09 13:07:45,317 [Worker-1: Building] INFO  o.e.m.c.i.embedder.EclipseLogger - Copying 0 resource
2021-12-09 13:07:45,320 [Worker-1: Building] WARN  o.e.m.c.i.embedder.EclipseLogger - Using platform encoding (UTF-8 actually) to copy filtered resources, i.e. build is platform dependent!
2021-12-09 13:07:45,321 [Worker-1: Building] INFO  o.e.m.c.i.embedder.EclipseLogger - Copying 0 resource
2021-12-09 13:10:29,427 [Worker-7: Building] INFO  o.e.m.c.i.l.LifecycleMappingFactory - Using org.eclipse.m2e.jdt.JarLifecycleMapping lifecycle mapping for MavenProject: final_fw:final_fw1:0.0.1-SNAPSHOT @ /home/yunusshaik/Desktop/Final_FW/final_fw1/pom.xml.
2021-12-09 13:10:31,164 [Worker-7: Building] WARN  o.e.m.c.i.embedder.EclipseLogger - Using platform encoding (UTF-8 actually) to copy filtered resources, i.e. build is platform dependent!
2021-12-09 13:10:31,177 [Worker-7: Building] INFO  o.e.m.c.i.embedder.EclipseLogger - Copying 0 resource
2021-12-09 13:10:31,179 [Worker-7: Building] WARN  o.e.m.c.i.embedder.EclipseLogger - Using platform encoding (UTF-8 actually) to copy filtered resources, i.e. build is platform dependent!
2021-12-09 13:10:31,180 [Worker-7: Building] INFO  o.e.m.c.i.embedder.EclipseLogger - Copying 0 resource
2021-12-09 13:11:13,155 [Worker-4: Building] WARN  o.e.m.c.i.embedder.EclipseLogger - Using platform encoding (UTF-8 actually) to copy filtered resources, i.e. build is platform dependent!
2021-12-09 13:11:13,156 [Worker-4: Building] INFO  o.e.m.c.i.embedder.EclipseLogger - Copying 0 resource
2021-12-09 13:11:13,157 [Worker-4: Building] WARN  o.e.m.c.i.embedder.EclipseLogger - Using platform encoding (UTF-8 actually) to copy filtered resources, i.e. build is platform dependent!
2021-12-09 13:11:13,158 [Worker-4: Building] INFO  o.e.m.c.i.embedder.EclipseLogger - Copying 0 resource
2021-12-09 13:11:59,125 [Worker-21: Building] WARN  o.e.m.c.i.embedder.EclipseLogger - Using platform encoding (UTF-8 actually) to copy filtered resources, i.e. build is platform dependent!
2021-12-09 13:11:59,125 [Worker-21: Building] INFO  o.e.m.c.i.embedder.EclipseLogger - Copying 0 resource
2021-12-09 13:11:59,126 [Worker-21: Building] WARN  o.e.m.c.i.embedder.EclipseLogger - Using platform encoding (UTF-8 actually) to copy filtered resources, i.e. build is platform dependent!
2021-12-09 13:11:59,127 [Worker-21: Building] INFO  o.e.m.c.i.embedder.EclipseLogger - Copying 0 resource
2021-12-09 13:12:39,130 [Worker-4: Updating Maven Project] INFO  o.e.m.c.i.p.ProjectConfigurationManager - Update started
2021-12-09 13:12:39,448 [Worker-4: Updating Maven Project] INFO  o.e.m.c.i.l.LifecycleMappingFactory - Using org.eclipse.m2e.jdt.JarLifecycleMapping lifecycle mapping for MavenProject: final_fw:final_fw1:0.0.1-SNAPSHOT @ /home/yunusshaik/Desktop/Final_FW/final_fw1/pom.xml.
2021-12-09 13:12:39,571 [Worker-4: Updating Maven Project] INFO  o.e.m.j.i.AbstractJavaProjectConfigurator - Adding source folder /final_fw1/src
2021-12-09 13:12:39,572 [Worker-4: Updating Maven Project] INFO  o.e.m.j.i.AbstractJavaProjectConfigurator - Resources folder /final_fw1/src/main/resources overlaps with sources folder /final_fw1/src/main/resources
2021-12-09 13:12:39,572 [Worker-4: Updating Maven Project] INFO  o.e.m.j.i.AbstractJavaProjectConfigurator - Adding source folder /final_fw1/src/test/java
2021-12-09 13:12:39,572 [Worker-4: Updating Maven Project] INFO  o.e.m.j.i.AbstractJavaProjectConfigurator - Resources folder /final_fw1/src/test/resources overlaps with sources folder /final_fw1/src/test/resources
2021-12-09 13:12:39,578 [Worker-4: Updating Maven Project] INFO  o.e.m.c.i.p.ProjectConfigurationManager - Update completed: 0 sec
2021-12-09 13:12:39,819 [Worker-13: Building] WARN  o.e.m.c.i.embedder.EclipseLogger - Using platform encoding (UTF-8 actually) to copy filtered resources, i.e. build is platform dependent!
2021-12-09 13:12:39,824 [Worker-13: Building] INFO  o.e.m.c.i.embedder.EclipseLogger - Copying 0 resource
2021-12-09 13:12:39,829 [Worker-13: Building] WARN  o.e.m.c.i.embedder.EclipseLogger - Using platform encoding (UTF-8 actually) to copy filtered resources, i.e. build is platform dependent!
2021-12-09 13:12:39,830 [Worker-13: Building] INFO  o.e.m.c.i.embedder.EclipseLogger - Copying 0 resource
2021-12-09 13:13:10,402 [Worker-7: Building] WARN  o.e.m.c.i.embedder.EclipseLogger - Using platform encoding (UTF-8 actually) to copy filtered resources, i.e. build is platform dependent!
2021-12-09 13:13:10,402 [Worker-7: Building] INFO  o.e.m.c.i.embedder.EclipseLogger - Copying 0 resource
2021-12-09 13:13:10,404 [Worker-7: Building] WARN  o.e.m.c.i.embedder.EclipseLogger - Using platform encoding (UTF-8 actually) to copy filtered resources, i.e. build is platform dependent!
2021-12-09 13:13:10,405 [Worker-7: Building] INFO  o.e.m.c.i.embedder.EclipseLogger - Copying 0 resource
2021-12-09 13:13:41,050 [Worker-13: Building] WARN  o.e.m.c.i.embedder.EclipseLogger - Using platform encoding (UTF-8 actually) to copy filtered resources, i.e. build is platform dependent!
2021-12-09 13:13:41,051 [Worker-13: Building] INFO  o.e.m.c.i.embedder.EclipseLogger - Copying 0 resource
2021-12-09 13:13:41,053 [Worker-13: Building] WARN  o.e.m.c.i.embedder.EclipseLogger - Using platform encoding (UTF-8 actually) to copy filtered resources, i.e. build is platform dependent!
2021-12-09 13:13:41,054 [Worker-13: Building] INFO  o.e.m.c.i.embedder.EclipseLogger - Copying 0 resource
2021-12-09 13:13:53,072 [Worker-13: Building] WARN  o.e.m.c.i.embedder.EclipseLogger - Using platform encoding (UTF-8 actually) to copy filtered resources, i.e. build is platform dependent!
2021-12-09 13:13:53,073 [Worker-13: Building] INFO  o.e.m.c.i.embedder.EclipseLogger - Copying 0 resource
2021-12-09 13:13:53,074 [Worker-13: Building] WARN  o.e.m.c.i.embedder.EclipseLogger - Using platform encoding (UTF-8 actually) to copy filtered resources, i.e. build is platform dependent!
2021-12-09 13:13:53,076 [Worker-13: Building] INFO  o.e.m.c.i.embedder.EclipseLogger - Copying 0 resource
2021-12-09 13:15:37,646 [Worker-7: Loading available Gradle versions] INFO  o.e.b.c.i.u.g.PublishedGradleVersions - Gradle version information cache is up-to-date. Trying to read.
2021-12-09 13:15:48,691 [Worker-6: Building] INFO  o.e.m.c.i.l.LifecycleMappingFactory - Using org.eclipse.m2e.jdt.JarLifecycleMapping lifecycle mapping for MavenProject: final_fw:final_fw1:0.0.1-SNAPSHOT @ /home/yunusshaik/Desktop/Final_FW/final_fw1/pom.xml.
2021-12-09 13:15:48,974 [Worker-6: Building] WARN  o.e.m.c.i.embedder.EclipseLogger - Using platform encoding (UTF-8 actually) to copy filtered resources, i.e. build is platform dependent!
2021-12-09 13:15:48,984 [Worker-6: Building] INFO  o.e.m.c.i.embedder.EclipseLogger - Copying 0 resource
2021-12-09 13:15:48,989 [Worker-6: Building] WARN  o.e.m.c.i.embedder.EclipseLogger - Using platform encoding (UTF-8 actually) to copy filtered resources, i.e. build is platform dependent!
2021-12-09 13:15:48,990 [Worker-6: Building] INFO  o.e.m.c.i.embedder.EclipseLogger - Copying 0 resource
2021-12-09 13:16:18,605 [Worker-18: Updating Maven Project] INFO  o.e.m.c.i.p.ProjectConfigurationManager - Update started
2021-12-09 13:16:18,906 [Worker-18: Updating Maven Project] INFO  o.e.m.c.i.l.LifecycleMappingFactory - Using org.eclipse.m2e.jdt.JarLifecycleMapping lifecycle mapping for MavenProject: final_fw:final_fw1:0.0.1-SNAPSHOT @ /home/yunusshaik/Desktop/Final_FW/final_fw1/pom.xml.
2021-12-09 13:16:19,074 [Worker-18: Updating Maven Project] INFO  o.e.m.j.i.AbstractJavaProjectConfigurator - Adding source folder /final_fw1/src
2021-12-09 13:16:19,074 [Worker-18: Updating Maven Project] INFO  o.e.m.j.i.AbstractJavaProjectConfigurator - Resources folder /final_fw1/src/main/resources overlaps with sources folder /final_fw1/src/main/resources
2021-12-09 13:16:19,075 [Worker-18: Updating Maven Project] INFO  o.e.m.j.i.AbstractJavaProjectConfigurator - Adding source folder /final_fw1/src/test/java
2021-12-09 13:16:19,075 [Worker-18: Updating Maven Project] INFO  o.e.m.j.i.AbstractJavaProjectConfigurator - Resources folder /final_fw1/src/test/resources overlaps with sources folder /final_fw1/src/test/resources
2021-12-09 13:16:19,088 [Worker-18: Updating Maven Project] INFO  o.e.m.c.i.p.ProjectConfigurationManager - Update completed: 0 sec
2021-12-09 13:16:19,356 [Worker-16: Building] WARN  o.e.m.c.i.embedder.EclipseLogger - Using platform encoding (UTF-8 actually) to copy filtered resources, i.e. build is platform dependent!
2021-12-09 13:16:19,360 [Worker-16: Building] INFO  o.e.m.c.i.embedder.EclipseLogger - Copying 0 resource
2021-12-09 13:16:19,363 [Worker-16: Building] WARN  o.e.m.c.i.embedder.EclipseLogger - Using platform encoding (UTF-8 actually) to copy filtered resources, i.e. build is platform dependent!
2021-12-09 13:16:19,364 [Worker-16: Building] INFO  o.e.m.c.i.embedder.EclipseLogger - Copying 0 resource
2021-12-09 13:18:07,533 [Worker-11: Building] WARN  o.e.m.c.i.embedder.EclipseLogger - Using platform encoding (UTF-8 actually) to copy filtered resources, i.e. build is platform dependent!
2021-12-09 13:18:07,535 [Worker-11: Building] INFO  o.e.m.c.i.embedder.EclipseLogger - Copying 0 resource
2021-12-09 13:18:07,536 [Worker-11: Building] WARN  o.e.m.c.i.embedder.EclipseLogger - Using platform encoding (UTF-8 actually) to copy filtered resources, i.e. build is platform dependent!
2021-12-09 13:18:07,537 [Worker-11: Building] INFO  o.e.m.c.i.embedder.EclipseLogger - Copying 0 resource
2021-12-09 13:18:20,129 [Worker-12: Building Workspace] WARN  o.e.m.c.i.embedder.EclipseLogger - Using platform encoding (UTF-8 actually) to copy filtered resources, i.e. build is platform dependent!
2021-12-09 13:18:20,130 [Worker-12: Building Workspace] INFO  o.e.m.c.i.embedder.EclipseLogger - Copying 0 resource
2021-12-09 13:18:20,132 [Worker-12: Building Workspace] WARN  o.e.m.c.i.embedder.EclipseLogger - Using platform encoding (UTF-8 actually) to copy filtered resources, i.e. build is platform dependent!
2021-12-09 13:18:20,133 [Worker-12: Building Workspace] INFO  o.e.m.c.i.embedder.EclipseLogger - Copying 0 resource
2021-12-09 13:26:09,027 [Worker-14: Cleaning all projects] INFO  o.e.m.c.i.l.LifecycleMappingFactory - Using org.eclipse.m2e.jdt.JarLifecycleMapping lifecycle mapping for MavenProject: final_fw:final_fw1:0.0.1-SNAPSHOT @ /home/yunusshaik/Desktop/Final_FW/final_fw1/pom.xml.
2021-12-09 13:26:09,709 [Worker-24: Building Workspace] WARN  o.e.m.c.i.embedder.EclipseLogger - Using platform encoding (UTF-8 actually) to copy filtered resources, i.e. build is platform dependent!
2021-12-09 13:26:09,710 [Worker-24: Building Workspace] INFO  o.e.m.c.i.embedder.EclipseLogger - skip non existing resourceDirectory /home/yunusshaik/Desktop/Final_FW/final_fw1/src/main/resources
2021-12-09 13:26:09,713 [Worker-24: Building Workspace] WARN  o.e.m.c.i.embedder.EclipseLogger - Using platform encoding (UTF-8 actually) to copy filtered resources, i.e. build is platform dependent!
2021-12-09 13:26:09,714 [Worker-24: Building Workspace] INFO  o.e.m.c.i.embedder.EclipseLogger - skip non existing resourceDirectory /home/yunusshaik/Desktop/Final_FW/final_fw1/src/test/resources
2021-12-09 13:28:39,378 [Worker-14: Building Workspace] WARN  o.e.m.c.i.embedder.EclipseLogger - Using platform encoding (UTF-8 actually) to copy filtered resources, i.e. build is platform dependent!
2021-12-09 13:28:39,379 [Worker-14: Building Workspace] INFO  o.e.m.c.i.embedder.EclipseLogger - skip non existing resourceDirectory /home/yunusshaik/Desktop/Final_FW/final_fw1/src/main/resources
2021-12-09 13:28:39,381 [Worker-14: Building Workspace] WARN  o.e.m.c.i.embedder.EclipseLogger - Using platform encoding (UTF-8 actually) to copy filtered resources, i.e. build is platform dependent!
2021-12-09 13:28:39,382 [Worker-14: Building Workspace] INFO  o.e.m.c.i.embedder.EclipseLogger - skip non existing resourceDirectory /home/yunusshaik/Desktop/Final_FW/final_fw1/src/test/resources
2021-12-09 13:31:06,499 [Worker-0: Launching Page1Test] WARN  o.e.m.c.i.embedder.EclipseLogger - Using platform encoding (UTF-8 actually) to copy filtered resources, i.e. build is platform dependent!
2021-12-09 13:31:06,500 [Worker-0: Launching Page1Test] INFO  o.e.m.c.i.embedder.EclipseLogger - skip non existing resourceDirectory /home/yunusshaik/Desktop/Final_FW/final_fw1/src/main/resources
2021-12-09 13:31:06,501 [Worker-0: Launching Page1Test] WARN  o.e.m.c.i.embedder.EclipseLogger - Using platform encoding (UTF-8 actually) to copy filtered resources, i.e. build is platform dependent!
2021-12-09 13:31:06,502 [Worker-0: Launching Page1Test] INFO  o.e.m.c.i.embedder.EclipseLogger - skip non existing resourceDirectory /home/yunusshaik/Desktop/Final_FW/final_fw1/src/test/resources
2021-12-09 13:31:32,971 [Worker-23: Building Workspace] WARN  o.e.m.c.i.embedder.EclipseLogger - Using platform encoding (UTF-8 actually) to copy filtered resources, i.e. build is platform dependent!
2021-12-09 13:31:32,973 [Worker-23: Building Workspace] INFO  o.e.m.c.i.embedder.EclipseLogger - skip non existing resourceDirectory /home/yunusshaik/Desktop/Final_FW/final_fw1/src/main/resources
2021-12-09 13:31:32,976 [Worker-23: Building Workspace] WARN  o.e.m.c.i.embedder.EclipseLogger - Using platform encoding (UTF-8 actually) to copy filtered resources, i.e. build is platform dependent!
2021-12-09 13:31:32,977 [Worker-23: Building Workspace] INFO  o.e.m.c.i.embedder.EclipseLogger - skip non existing resourceDirectory /home/yunusshaik/Desktop/Final_FW/final_fw1/src/test/resources
2021-12-09 13:34:35,414 [Worker-27: Building Workspace] WARN  o.e.m.c.i.embedder.EclipseLogger - Using platform encoding (UTF-8 actually) to copy filtered resources, i.e. build is platform dependent!
2021-12-09 13:34:35,414 [Worker-27: Building Workspace] INFO  o.e.m.c.i.embedder.EclipseLogger - skip non existing resourceDirectory /home/yunusshaik/Desktop/Final_FW/final_fw1/src/main/resources
2021-12-09 13:34:35,417 [Worker-27: Building Workspace] WARN  o.e.m.c.i.embedder.EclipseLogger - Using platform encoding (UTF-8 actually) to copy filtered resources, i.e. build is platform dependent!
2021-12-09 13:34:35,418 [Worker-27: Building Workspace] INFO  o.e.m.c.i.embedder.EclipseLogger - skip non existing resourceDirectory /home/yunusshaik/Desktop/Final_FW/final_fw1/src/test/resources
2021-12-09 13:36:26,310 [Worker-30: Launching Page1Test] WARN  o.e.m.c.i.embedder.EclipseLogger - Using platform encoding (UTF-8 actually) to copy filtered resources, i.e. build is platform dependent!
2021-12-09 13:36:26,310 [Worker-30: Launching Page1Test] INFO  o.e.m.c.i.embedder.EclipseLogger - skip non existing resourceDirectory /home/yunusshaik/Desktop/Final_FW/final_fw1/src/main/resources
2021-12-09 13:36:26,311 [Worker-30: Launching Page1Test] WARN  o.e.m.c.i.embedder.EclipseLogger - Using platform encoding (UTF-8 actually) to copy filtered resources, i.e. build is platform dependent!
2021-12-09 13:36:26,312 [Worker-30: Launching Page1Test] INFO  o.e.m.c.i.embedder.EclipseLogger - skip non existing resourceDirectory /home/yunusshaik/Desktop/Final_FW/final_fw1/src/test/resources
2021-12-09 13:46:13,247 [Worker-34: Launching DataProviderTest] WARN  o.e.m.c.i.embedder.EclipseLogger - Using platform encoding (UTF-8 actually) to copy filtered resources, i.e. build is platform dependent!
2021-12-09 13:46:13,248 [Worker-34: Launching DataProviderTest] INFO  o.e.m.c.i.embedder.EclipseLogger - skip non existing resourceDirectory /home/yunusshaik/Desktop/Final_FW/final_fw1/src/main/resources
2021-12-09 13:46:13,249 [Worker-34: Launching DataProviderTest] WARN  o.e.m.c.i.embedder.EclipseLogger - Using platform encoding (UTF-8 actually) to copy filtered resources, i.e. build is platform dependent!
2021-12-09 13:46:13,249 [Worker-34: Launching DataProviderTest] INFO  o.e.m.c.i.embedder.EclipseLogger - skip non existing resourceDirectory /home/yunusshaik/Desktop/Final_FW/final_fw1/src/test/resources
2021-12-09 13:48:51,001 [Worker-34: Launching TestDataProvider1] WARN  o.e.m.c.i.embedder.EclipseLogger - Using platform encoding (UTF-8 actually) to copy filtered resources, i.e. build is platform dependent!
2021-12-09 13:48:51,002 [Worker-34: Launching TestDataProvider1] INFO  o.e.m.c.i.embedder.EclipseLogger - skip non existing resourceDirectory /home/yunusshaik/Desktop/Final_FW/final_fw1/src/main/resources
2021-12-09 13:48:51,005 [Worker-34: Launching TestDataProvider1] WARN  o.e.m.c.i.embedder.EclipseLogger - Using platform encoding (UTF-8 actually) to copy filtered resources, i.e. build is platform dependent!
2021-12-09 13:48:51,006 [Worker-34: Launching TestDataProvider1] INFO  o.e.m.c.i.embedder.EclipseLogger - skip non existing resourceDirectory /home/yunusshaik/Desktop/Final_FW/final_fw1/src/test/resources
2021-12-09 13:50:24,016 [Worker-35: Launching TestDataProvider1] WARN  o.e.m.c.i.embedder.EclipseLogger - Using platform encoding (UTF-8 actually) to copy filtered resources, i.e. build is platform dependent!
2021-12-09 13:50:24,017 [Worker-35: Launching TestDataProvider1] INFO  o.e.m.c.i.embedder.EclipseLogger - skip non existing resourceDirectory /home/yunusshaik/Desktop/Final_FW/final_fw1/src/main/resources
2021-12-09 13:50:24,019 [Worker-35: Launching TestDataProvider1] WARN  o.e.m.c.i.embedder.EclipseLogger - Using platform encoding (UTF-8 actually) to copy filtered resources, i.e. build is platform dependent!
2021-12-09 13:50:24,020 [Worker-35: Launching TestDataProvider1] INFO  o.e.m.c.i.embedder.EclipseLogger - skip non existing resourceDirectory /home/yunusshaik/Desktop/Final_FW/final_fw1/src/test/resources
2021-12-09 13:51:26,648 [Worker-36: Launching TestDataProvider1] WARN  o.e.m.c.i.embedder.EclipseLogger - Using platform encoding (UTF-8 actually) to copy filtered resources, i.e. build is platform dependent!
2021-12-09 13:51:26,649 [Worker-36: Launching TestDataProvider1] INFO  o.e.m.c.i.embedder.EclipseLogger - skip non existing resourceDirectory /home/yunusshaik/Desktop/Final_FW/final_fw1/src/main/resources
2021-12-09 13:51:26,650 [Worker-36: Launching TestDataProvider1] WARN  o.e.m.c.i.embedder.EclipseLogger - Using platform encoding (UTF-8 actually) to copy filtered resources, i.e. build is platform dependent!
2021-12-09 13:51:26,650 [Worker-36: Launching TestDataProvider1] INFO  o.e.m.c.i.embedder.EclipseLogger - skip non existing resourceDirectory /home/yunusshaik/Desktop/Final_FW/final_fw1/src/test/resources
2021-12-09 13:54:00,056 [Worker-33: Launching TestDataProvider1] WARN  o.e.m.c.i.embedder.EclipseLogger - Using platform encoding (UTF-8 actually) to copy filtered resources, i.e. build is platform dependent!
2021-12-09 13:54:00,056 [Worker-33: Launching TestDataProvider1] INFO  o.e.m.c.i.embedder.EclipseLogger - skip non existing resourceDirectory /home/yunusshaik/Desktop/Final_FW/final_fw1/src/main/resources
2021-12-09 13:54:00,057 [Worker-33: Launching TestDataProvider1] WARN  o.e.m.c.i.embedder.EclipseLogger - Using platform encoding (UTF-8 actually) to copy filtered resources, i.e. build is platform dependent!
2021-12-09 13:54:00,058 [Worker-33: Launching TestDataProvider1] INFO  o.e.m.c.i.embedder.EclipseLogger - skip non existing resourceDirectory /home/yunusshaik/Desktop/Final_FW/final_fw1/src/test/resources
2021-12-09 13:54:27,841 [Worker-27: Launching TestDataProvider1] WARN  o.e.m.c.i.embedder.EclipseLogger - Using platform encoding (UTF-8 actually) to copy filtered resources, i.e. build is platform dependent!
2021-12-09 13:54:27,842 [Worker-27: Launching TestDataProvider1] INFO  o.e.m.c.i.embedder.EclipseLogger - skip non existing resourceDirectory /home/yunusshaik/Desktop/Final_FW/final_fw1/src/main/resources
2021-12-09 13:54:27,843 [Worker-27: Launching TestDataProvider1] WARN  o.e.m.c.i.embedder.EclipseLogger - Using platform encoding (UTF-8 actually) to copy filtered resources, i.e. build is platform dependent!
2021-12-09 13:54:27,844 [Worker-27: Launching TestDataProvider1] INFO  o.e.m.c.i.embedder.EclipseLogger - skip non existing resourceDirectory /home/yunusshaik/Desktop/Final_FW/final_fw1/src/test/resources
2021-12-09 13:55:35,910 [Worker-27: Launching TestDataProvider1] WARN  o.e.m.c.i.embedder.EclipseLogger - Using platform encoding (UTF-8 actually) to copy filtered resources, i.e. build is platform dependent!
2021-12-09 13:55:35,911 [Worker-27: Launching TestDataProvider1] INFO  o.e.m.c.i.embedder.EclipseLogger - skip non existing resourceDirectory /home/yunusshaik/Desktop/Final_FW/final_fw1/src/main/resources
2021-12-09 13:55:35,913 [Worker-27: Launching TestDataProvider1] WARN  o.e.m.c.i.embedder.EclipseLogger - Using platform encoding (UTF-8 actually) to copy filtered resources, i.e. build is platform dependent!
2021-12-09 13:55:35,913 [Worker-27: Launching TestDataProvider1] INFO  o.e.m.c.i.embedder.EclipseLogger - skip non existing resourceDirectory /home/yunusshaik/Desktop/Final_FW/final_fw1/src/test/resources
2021-12-09 13:57:14,390 [Worker-36: Launching TestDataProvider1] WARN  o.e.m.c.i.embedder.EclipseLogger - Using platform encoding (UTF-8 actually) to copy filtered resources, i.e. build is platform dependent!
2021-12-09 13:57:14,391 [Worker-36: Launching TestDataProvider1] INFO  o.e.m.c.i.embedder.EclipseLogger - skip non existing resourceDirectory /home/yunusshaik/Desktop/Final_FW/final_fw1/src/main/resources
2021-12-09 13:57:14,392 [Worker-36: Launching TestDataProvider1] WARN  o.e.m.c.i.embedder.EclipseLogger - Using platform encoding (UTF-8 actually) to copy filtered resources, i.e. build is platform dependent!
2021-12-09 13:57:14,392 [Worker-36: Launching TestDataProvider1] INFO  o.e.m.c.i.embedder.EclipseLogger - skip non existing resourceDirectory /home/yunusshaik/Desktop/Final_FW/final_fw1/src/test/resources
2021-12-09 13:59:46,202 [Worker-37: Launching TestDataProvider1] WARN  o.e.m.c.i.embedder.EclipseLogger - Using platform encoding (UTF-8 actually) to copy filtered resources, i.e. build is platform dependent!
2021-12-09 13:59:46,243 [Worker-37: Launching TestDataProvider1] INFO  o.e.m.c.i.embedder.EclipseLogger - skip non existing resourceDirectory /home/yunusshaik/Desktop/Final_FW/final_fw1/src/main/resources
2021-12-09 13:59:46,244 [Worker-37: Launching TestDataProvider1] WARN  o.e.m.c.i.embedder.EclipseLogger - Using platform encoding (UTF-8 actually) to copy filtered resources, i.e. build is platform dependent!
2021-12-09 13:59:46,245 [Worker-37: Launching TestDataProvider1] INFO  o.e.m.c.i.embedder.EclipseLogger - skip non existing resourceDirectory /home/yunusshaik/Desktop/Final_FW/final_fw1/src/test/resources
2021-12-09 14:04:56,814 [Worker-35: Launching TestDataProvider1] WARN  o.e.m.c.i.embedder.EclipseLogger - Using platform encoding (UTF-8 actually) to copy filtered resources, i.e. build is platform dependent!
2021-12-09 14:04:56,815 [Worker-35: Launching TestDataProvider1] INFO  o.e.m.c.i.embedder.EclipseLogger - skip non existing resourceDirectory /home/yunusshaik/Desktop/Final_FW/final_fw1/src/main/resources
2021-12-09 14:04:56,817 [Worker-35: Launching TestDataProvider1] WARN  o.e.m.c.i.embedder.EclipseLogger - Using platform encoding (UTF-8 actually) to copy filtered resources, i.e. build is platform dependent!
2021-12-09 14:04:56,818 [Worker-35: Launching TestDataProvider1] INFO  o.e.m.c.i.embedder.EclipseLogger - skip non existing resourceDirectory /home/yunusshaik/Desktop/Final_FW/final_fw1/src/test/resources
2021-12-09 14:09:16,288 [Worker-37: Launching TestDataProvider1] WARN  o.e.m.c.i.embedder.EclipseLogger - Using platform encoding (UTF-8 actually) to copy filtered resources, i.e. build is platform dependent!
2021-12-09 14:09:16,288 [Worker-37: Launching TestDataProvider1] INFO  o.e.m.c.i.embedder.EclipseLogger - skip non existing resourceDirectory /home/yunusshaik/Desktop/Final_FW/final_fw1/src/main/resources
2021-12-09 14:09:16,290 [Worker-37: Launching TestDataProvider1] WARN  o.e.m.c.i.embedder.EclipseLogger - Using platform encoding (UTF-8 actually) to copy filtered resources, i.e. build is platform dependent!
2021-12-09 14:09:16,290 [Worker-37: Launching TestDataProvider1] INFO  o.e.m.c.i.embedder.EclipseLogger - skip non existing resourceDirectory /home/yunusshaik/Desktop/Final_FW/final_fw1/src/test/resources
2021-12-10 10:11:07,172 [Worker-0: Loading available Gradle versions] INFO  o.e.b.c.i.u.g.PublishedGradleVersions - Gradle version information cache is up-to-date. Trying to read.
2021-12-10 10:11:57,897 [Worker-13: Launching DataProviderTest] WARN  o.e.m.c.i.embedder.EclipseLogger - Using platform encoding (UTF-8 actually) to copy filtered resources, i.e. build is platform dependent!
2021-12-10 10:11:57,899 [Worker-13: Launching DataProviderTest] INFO  o.e.m.c.i.embedder.EclipseLogger - skip non existing resourceDirectory /home/yunusshaik/Desktop/Final_FW/final_fw1/src/main/resources
2021-12-10 10:11:57,902 [Worker-13: Launching DataProviderTest] WARN  o.e.m.c.i.embedder.EclipseLogger - Using platform encoding (UTF-8 actually) to copy filtered resources, i.e. build is platform dependent!
2021-12-10 10:11:57,903 [Worker-13: Launching DataProviderTest] INFO  o.e.m.c.i.embedder.EclipseLogger - skip non existing resourceDirectory /home/yunusshaik/Desktop/Final_FW/final_fw1/src/test/resources
2021-12-10 23:48:51,045 [Worker-0: Loading available Gradle versions] INFO  o.e.b.c.i.u.g.PublishedGradleVersions - Gradle version information cache is out-of-date. Trying to update.
2021-12-10 23:49:33,028 [Worker-6: Launching DataProviderTest] WARN  o.e.m.c.i.embedder.EclipseLogger - Using platform encoding (UTF-8 actually) to copy filtered resources, i.e. build is platform dependent!
2021-12-10 23:49:33,030 [Worker-6: Launching DataProviderTest] INFO  o.e.m.c.i.embedder.EclipseLogger - skip non existing resourceDirectory /home/yunusshaik/Desktop/Final_FW/final_fw1/src/main/resources
2021-12-10 23:49:33,032 [Worker-6: Launching DataProviderTest] WARN  o.e.m.c.i.embedder.EclipseLogger - Using platform encoding (UTF-8 actually) to copy filtered resources, i.e. build is platform dependent!
2021-12-10 23:49:33,032 [Worker-6: Launching DataProviderTest] INFO  o.e.m.c.i.embedder.EclipseLogger - skip non existing resourceDirectory /home/yunusshaik/Desktop/Final_FW/final_fw1/src/test/resources
2021-12-11 00:23:38,163 [Worker-29: Launching Page1Test] WARN  o.e.m.c.i.embedder.EclipseLogger - Using platform encoding (UTF-8 actually) to copy filtered resources, i.e. build is platform dependent!
2021-12-11 00:23:38,247 [Worker-29: Launching Page1Test] INFO  o.e.m.c.i.embedder.EclipseLogger - skip non existing resourceDirectory /home/yunusshaik/Desktop/Final_FW/final_fw1/src/main/resources
2021-12-11 00:23:38,248 [Worker-29: Launching Page1Test] WARN  o.e.m.c.i.embedder.EclipseLogger - Using platform encoding (UTF-8 actually) to copy filtered resources, i.e. build is platform dependent!
2021-12-11 00:23:38,249 [Worker-29: Launching Page1Test] INFO  o.e.m.c.i.embedder.EclipseLogger - skip non existing resourceDirectory /home/yunusshaik/Desktop/Final_FW/final_fw1/src/test/resources
2021-12-11 00:35:34,895 [Worker-26: Launching Page1Test] WARN  o.e.m.c.i.embedder.EclipseLogger - Using platform encoding (UTF-8 actually) to copy filtered resources, i.e. build is platform dependent!
2021-12-11 00:35:34,896 [Worker-26: Launching Page1Test] INFO  o.e.m.c.i.embedder.EclipseLogger - skip non existing resourceDirectory /home/yunusshaik/Desktop/Final_FW/final_fw1/src/main/resources
2021-12-11 00:35:34,899 [Worker-26: Launching Page1Test] WARN  o.e.m.c.i.embedder.EclipseLogger - Using platform encoding (UTF-8 actually) to copy filtered resources, i.e. build is platform dependent!
2021-12-11 00:35:34,899 [Worker-26: Launching Page1Test] INFO  o.e.m.c.i.embedder.EclipseLogger - skip non existing resourceDirectory /home/yunusshaik/Desktop/Final_FW/final_fw1/src/test/resources
2021-12-11 00:39:23,594 [Worker-32: Building Workspace] WARN  o.e.m.c.i.embedder.EclipseLogger - Using platform encoding (UTF-8 actually) to copy filtered resources, i.e. build is platform dependent!
2021-12-11 00:39:23,595 [Worker-32: Building Workspace] INFO  o.e.m.c.i.embedder.EclipseLogger - skip non existing resourceDirectory /home/yunusshaik/Desktop/Final_FW/final_fw1/src/main/resources
2021-12-11 00:39:23,598 [Worker-32: Building Workspace] WARN  o.e.m.c.i.embedder.EclipseLogger - Using platform encoding (UTF-8 actually) to copy filtered resources, i.e. build is platform dependent!
2021-12-11 00:39:23,599 [Worker-32: Building Workspace] INFO  o.e.m.c.i.embedder.EclipseLogger - skip non existing resourceDirectory /home/yunusshaik/Desktop/Final_FW/final_fw1/src/test/resources
2021-12-11 00:45:29,769 [Worker-32: Launching testAnno] WARN  o.e.m.c.i.embedder.EclipseLogger - Using platform encoding (UTF-8 actually) to copy filtered resources, i.e. build is platform dependent!
2021-12-11 00:45:29,770 [Worker-32: Launching testAnno] INFO  o.e.m.c.i.embedder.EclipseLogger - skip non existing resourceDirectory /home/yunusshaik/Desktop/Final_FW/final_fw1/src/main/resources
2021-12-11 00:45:29,772 [Worker-32: Launching testAnno] WARN  o.e.m.c.i.embedder.EclipseLogger - Using platform encoding (UTF-8 actually) to copy filtered resources, i.e. build is platform dependent!
2021-12-11 00:45:29,773 [Worker-32: Launching testAnno] INFO  o.e.m.c.i.embedder.EclipseLogger - skip non existing resourceDirectory /home/yunusshaik/Desktop/Final_FW/final_fw1/src/test/resources
2021-12-11 00:55:07,641 [Worker-35: Launching final_fw1_testng.xml] WARN  o.e.m.c.i.embedder.EclipseLogger - Using platform encoding (UTF-8 actually) to copy filtered resources, i.e. build is platform dependent!
2021-12-11 00:55:07,641 [Worker-35: Launching final_fw1_testng.xml] INFO  o.e.m.c.i.embedder.EclipseLogger - skip non existing resourceDirectory /home/yunusshaik/Desktop/Final_FW/final_fw1/src/main/resources
2021-12-11 00:55:07,642 [Worker-35: Launching final_fw1_testng.xml] WARN  o.e.m.c.i.embedder.EclipseLogger - Using platform encoding (UTF-8 actually) to copy filtered resources, i.e. build is platform dependent!
2021-12-11 00:55:07,643 [Worker-35: Launching final_fw1_testng.xml] INFO  o.e.m.c.i.embedder.EclipseLogger - skip non existing resourceDirectory /home/yunusshaik/Desktop/Final_FW/final_fw1/src/test/resources
2021-12-11 01:10:39,212 [Worker-41: Launching firsttestngfile] WARN  o.e.m.c.i.embedder.EclipseLogger - Using platform encoding (UTF-8 actually) to copy filtered resources, i.e. build is platform dependent!
2021-12-11 01:10:39,213 [Worker-41: Launching firsttestngfile] INFO  o.e.m.c.i.embedder.EclipseLogger - skip non existing resourceDirectory /home/yunusshaik/Desktop/Final_FW/final_fw1/src/main/resources
2021-12-11 01:10:39,215 [Worker-41: Launching firsttestngfile] WARN  o.e.m.c.i.embedder.EclipseLogger - Using platform encoding (UTF-8 actually) to copy filtered resources, i.e. build is platform dependent!
2021-12-11 01:10:39,216 [Worker-41: Launching firsttestngfile] INFO  o.e.m.c.i.embedder.EclipseLogger - skip non existing resourceDirectory /home/yunusshaik/Desktop/Final_FW/final_fw1/src/test/resources
2021-12-11 01:11:04,736 [Worker-46: Launching firsttestngfile] WARN  o.e.m.c.i.embedder.EclipseLogger - Using platform encoding (UTF-8 actually) to copy filtered resources, i.e. build is platform dependent!
2021-12-11 01:11:04,737 [Worker-46: Launching firsttestngfile] INFO  o.e.m.c.i.embedder.EclipseLogger - skip non existing resourceDirectory /home/yunusshaik/Desktop/Final_FW/final_fw1/src/main/resources
2021-12-11 01:11:04,739 [Worker-46: Launching firsttestngfile] WARN  o.e.m.c.i.embedder.EclipseLogger - Using platform encoding (UTF-8 actually) to copy filtered resources, i.e. build is platform dependent!
2021-12-11 01:11:04,740 [Worker-46: Launching firsttestngfile] INFO  o.e.m.c.i.embedder.EclipseLogger - skip non existing resourceDirectory /home/yunusshaik/Desktop/Final_FW/final_fw1/src/test/resources
2021-12-11 01:13:50,432 [Worker-43: Launching firsttestngfile] WARN  o.e.m.c.i.embedder.EclipseLogger - Using platform encoding (UTF-8 actually) to copy filtered resources, i.e. build is platform dependent!
2021-12-11 01:13:50,432 [Worker-43: Launching firsttestngfile] INFO  o.e.m.c.i.embedder.EclipseLogger - skip non existing resourceDirectory /home/yunusshaik/Desktop/Final_FW/final_fw1/src/main/resources
2021-12-11 01:13:50,434 [Worker-43: Launching firsttestngfile] WARN  o.e.m.c.i.embedder.EclipseLogger - Using platform encoding (UTF-8 actually) to copy filtered resources, i.e. build is platform dependent!
2021-12-11 01:13:50,435 [Worker-43: Launching firsttestngfile] INFO  o.e.m.c.i.embedder.EclipseLogger - skip non existing resourceDirectory /home/yunusshaik/Desktop/Final_FW/final_fw1/src/test/resources
2021-12-11 01:15:44,391 [Worker-43: Launching firsttestngfile] WARN  o.e.m.c.i.embedder.EclipseLogger - Using platform encoding (UTF-8 actually) to copy filtered resources, i.e. build is platform dependent!
2021-12-11 01:15:44,392 [Worker-43: Launching firsttestngfile] INFO  o.e.m.c.i.embedder.EclipseLogger - skip non existing resourceDirectory /home/yunusshaik/Desktop/Final_FW/final_fw1/src/main/resources
2021-12-11 01:15:44,393 [Worker-43: Launching firsttestngfile] WARN  o.e.m.c.i.embedder.EclipseLogger - Using platform encoding (UTF-8 actually) to copy filtered resources, i.e. build is platform dependent!
2021-12-11 01:15:44,394 [Worker-43: Launching firsttestngfile] INFO  o.e.m.c.i.embedder.EclipseLogger - skip non existing resourceDirectory /home/yunusshaik/Desktop/Final_FW/final_fw1/src/test/resources
2021-12-11 01:17:51,753 [Worker-47: Launching firsttestngfile] WARN  o.e.m.c.i.embedder.EclipseLogger - Using platform encoding (UTF-8 actually) to copy filtered resources, i.e. build is platform dependent!
2021-12-11 01:17:51,754 [Worker-47: Launching firsttestngfile] INFO  o.e.m.c.i.embedder.EclipseLogger - skip non existing resourceDirectory /home/yunusshaik/Desktop/Final_FW/final_fw1/src/main/resources
2021-12-11 01:17:51,756 [Worker-47: Launching firsttestngfile] WARN  o.e.m.c.i.embedder.EclipseLogger - Using platform encoding (UTF-8 actually) to copy filtered resources, i.e. build is platform dependent!
2021-12-11 01:17:51,756 [Worker-47: Launching firsttestngfile] INFO  o.e.m.c.i.embedder.EclipseLogger - skip non existing resourceDirectory /home/yunusshaik/Desktop/Final_FW/final_fw1/src/test/resources
2021-12-11 01:18:52,913 [Worker-47: Launching firsttestngfile] WARN  o.e.m.c.i.embedder.EclipseLogger - Using platform encoding (UTF-8 actually) to copy filtered resources, i.e. build is platform dependent!
2021-12-11 01:18:52,914 [Worker-47: Launching firsttestngfile] INFO  o.e.m.c.i.embedder.EclipseLogger - skip non existing resourceDirectory /home/yunusshaik/Desktop/Final_FW/final_fw1/src/main/resources
2021-12-11 01:18:52,915 [Worker-47: Launching firsttestngfile] WARN  o.e.m.c.i.embedder.EclipseLogger - Using platform encoding (UTF-8 actually) to copy filtered resources, i.e. build is platform dependent!
2021-12-11 01:18:52,916 [Worker-47: Launching firsttestngfile] INFO  o.e.m.c.i.embedder.EclipseLogger - skip non existing resourceDirectory /home/yunusshaik/Desktop/Final_FW/final_fw1/src/test/resources
2021-12-13 13:03:44,065 [Worker-5: Loading available Gradle versions] INFO  o.e.b.c.i.u.g.PublishedGradleVersions - Gradle version information cache is out-of-date. Trying to update.
2021-12-13 13:10:59,096 [Worker-24: Launching firstTestNG] WARN  o.e.m.c.i.embedder.EclipseLogger - Using platform encoding (UTF-8 actually) to copy filtered resources, i.e. build is platform dependent!
2021-12-13 13:10:59,100 [Worker-24: Launching firstTestNG] INFO  o.e.m.c.i.embedder.EclipseLogger - skip non existing resourceDirectory /home/yunusshaik/Desktop/Final_FW/final_fw1/src/main/resources
2021-12-13 13:10:59,104 [Worker-24: Launching firstTestNG] WARN  o.e.m.c.i.embedder.EclipseLogger - Using platform encoding (UTF-8 actually) to copy filtered resources, i.e. build is platform dependent!
2021-12-13 13:10:59,105 [Worker-24: Launching firstTestNG] INFO  o.e.m.c.i.embedder.EclipseLogger - skip non existing resourceDirectory /home/yunusshaik/Desktop/Final_FW/final_fw1/src/test/resources
2021-12-13 13:12:20,019 [Worker-23: Launching firstTestNG] WARN  o.e.m.c.i.embedder.EclipseLogger - Using platform encoding (UTF-8 actually) to copy filtered resources, i.e. build is platform dependent!
2021-12-13 13:12:20,020 [Worker-23: Launching firstTestNG] INFO  o.e.m.c.i.embedder.EclipseLogger - skip non existing resourceDirectory /home/yunusshaik/Desktop/Final_FW/final_fw1/src/main/resources
2021-12-13 13:12:20,022 [Worker-23: Launching firstTestNG] WARN  o.e.m.c.i.embedder.EclipseLogger - Using platform encoding (UTF-8 actually) to copy filtered resources, i.e. build is platform dependent!
2021-12-13 13:12:20,023 [Worker-23: Launching firstTestNG] INFO  o.e.m.c.i.embedder.EclipseLogger - skip non existing resourceDirectory /home/yunusshaik/Desktop/Final_FW/final_fw1/src/test/resources
2021-12-13 13:14:06,489 [Worker-18: Launching firstTestNG] WARN  o.e.m.c.i.embedder.EclipseLogger - Using platform encoding (UTF-8 actually) to copy filtered resources, i.e. build is platform dependent!
2021-12-13 13:14:06,491 [Worker-18: Launching firstTestNG] INFO  o.e.m.c.i.embedder.EclipseLogger - skip non existing resourceDirectory /home/yunusshaik/Desktop/Final_FW/final_fw1/src/main/resources
2021-12-13 13:14:06,498 [Worker-18: Launching firstTestNG] WARN  o.e.m.c.i.embedder.EclipseLogger - Using platform encoding (UTF-8 actually) to copy filtered resources, i.e. build is platform dependent!
2021-12-13 13:14:06,499 [Worker-18: Launching firstTestNG] INFO  o.e.m.c.i.embedder.EclipseLogger - skip non existing resourceDirectory /home/yunusshaik/Desktop/Final_FW/final_fw1/src/test/resources
2021-12-13 13:19:48,359 [Worker-1: Launching firsttestngfile] WARN  o.e.m.c.i.embedder.EclipseLogger - Using platform encoding (UTF-8 actually) to copy filtered resources, i.e. build is platform dependent!
2021-12-13 13:19:48,361 [Worker-1: Launching firsttestngfile] INFO  o.e.m.c.i.embedder.EclipseLogger - skip non existing resourceDirectory /home/yunusshaik/Desktop/Final_FW/final_fw1/src/main/resources
2021-12-13 13:19:48,367 [Worker-1: Launching firsttestngfile] WARN  o.e.m.c.i.embedder.EclipseLogger - Using platform encoding (UTF-8 actually) to copy filtered resources, i.e. build is platform dependent!
2021-12-13 13:19:48,368 [Worker-1: Launching firsttestngfile] INFO  o.e.m.c.i.embedder.EclipseLogger - skip non existing resourceDirectory /home/yunusshaik/Desktop/Final_FW/final_fw1/src/test/resources
2021-12-13 13:26:51,205 [Worker-1: Launching final_fw1_testng.xml] WARN  o.e.m.c.i.embedder.EclipseLogger - Using platform encoding (UTF-8 actually) to copy filtered resources, i.e. build is platform dependent!
2021-12-13 13:26:51,206 [Worker-1: Launching final_fw1_testng.xml] INFO  o.e.m.c.i.embedder.EclipseLogger - skip non existing resourceDirectory /home/yunusshaik/Desktop/Final_FW/final_fw1/src/main/resources
2021-12-13 13:26:51,208 [Worker-1: Launching final_fw1_testng.xml] WARN  o.e.m.c.i.embedder.EclipseLogger - Using platform encoding (UTF-8 actually) to copy filtered resources, i.e. build is platform dependent!
2021-12-13 13:26:51,209 [Worker-1: Launching final_fw1_testng.xml] INFO  o.e.m.c.i.embedder.EclipseLogger - skip non existing resourceDirectory /home/yunusshaik/Desktop/Final_FW/final_fw1/src/test/resources
2021-12-13 13:27:29,690 [Worker-27: Building Workspace] WARN  o.e.m.c.i.embedder.EclipseLogger - Using platform encoding (UTF-8 actually) to copy filtered resources, i.e. build is platform dependent!
2021-12-13 13:27:29,691 [Worker-27: Building Workspace] INFO  o.e.m.c.i.embedder.EclipseLogger - skip non existing resourceDirectory /home/yunusshaik/Desktop/Final_FW/final_fw1/src/main/resources
2021-12-13 13:27:29,694 [Worker-27: Building Workspace] WARN  o.e.m.c.i.embedder.EclipseLogger - Using platform encoding (UTF-8 actually) to copy filtered resources, i.e. build is platform dependent!
2021-12-13 13:27:29,694 [Worker-27: Building Workspace] INFO  o.e.m.c.i.embedder.EclipseLogger - skip non existing resourceDirectory /home/yunusshaik/Desktop/Final_FW/final_fw1/src/test/resources
2021-12-13 13:44:46,988 [Worker-26: Launching firsttestngfile] WARN  o.e.m.c.i.embedder.EclipseLogger - Using platform encoding (UTF-8 actually) to copy filtered resources, i.e. build is platform dependent!
2021-12-13 13:44:46,989 [Worker-26: Launching firsttestngfile] INFO  o.e.m.c.i.embedder.EclipseLogger - skip non existing resourceDirectory /home/yunusshaik/Desktop/Final_FW/final_fw1/src/main/resources
2021-12-13 13:44:46,991 [Worker-26: Launching firsttestngfile] WARN  o.e.m.c.i.embedder.EclipseLogger - Using platform encoding (UTF-8 actually) to copy filtered resources, i.e. build is platform dependent!
2021-12-13 13:44:46,992 [Worker-26: Launching firsttestngfile] INFO  o.e.m.c.i.embedder.EclipseLogger - skip non existing resourceDirectory /home/yunusshaik/Desktop/Final_FW/final_fw1/src/test/resources
2021-12-13 13:46:44,070 [Worker-28: Launching firsttestngfile] WARN  o.e.m.c.i.embedder.EclipseLogger - Using platform encoding (UTF-8 actually) to copy filtered resources, i.e. build is platform dependent!
2021-12-13 13:46:44,071 [Worker-28: Launching firsttestngfile] INFO  o.e.m.c.i.embedder.EclipseLogger - skip non existing resourceDirectory /home/yunusshaik/Desktop/Final_FW/final_fw1/src/main/resources
2021-12-13 13:46:44,073 [Worker-28: Launching firsttestngfile] WARN  o.e.m.c.i.embedder.EclipseLogger - Using platform encoding (UTF-8 actually) to copy filtered resources, i.e. build is platform dependent!
2021-12-13 13:46:44,073 [Worker-28: Launching firsttestngfile] INFO  o.e.m.c.i.embedder.EclipseLogger - skip non existing resourceDirectory /home/yunusshaik/Desktop/Final_FW/final_fw1/src/test/resources
2021-12-13 13:47:41,032 [Worker-31: Launching firsttestngfile] WARN  o.e.m.c.i.embedder.EclipseLogger - Using platform encoding (UTF-8 actually) to copy filtered resources, i.e. build is platform dependent!
2021-12-13 13:47:41,032 [Worker-31: Launching firsttestngfile] INFO  o.e.m.c.i.embedder.EclipseLogger - skip non existing resourceDirectory /home/yunusshaik/Desktop/Final_FW/final_fw1/src/main/resources
2021-12-13 13:47:41,033 [Worker-31: Launching firsttestngfile] WARN  o.e.m.c.i.embedder.EclipseLogger - Using platform encoding (UTF-8 actually) to copy filtered resources, i.e. build is platform dependent!
2021-12-13 13:47:41,034 [Worker-31: Launching firsttestngfile] INFO  o.e.m.c.i.embedder.EclipseLogger - skip non existing resourceDirectory /home/yunusshaik/Desktop/Final_FW/final_fw1/src/test/resources
2021-12-13 13:49:39,425 [Worker-30: Launching firsttestngfile] WARN  o.e.m.c.i.embedder.EclipseLogger - Using platform encoding (UTF-8 actually) to copy filtered resources, i.e. build is platform dependent!
2021-12-13 13:49:39,427 [Worker-30: Launching firsttestngfile] INFO  o.e.m.c.i.embedder.EclipseLogger - skip non existing resourceDirectory /home/yunusshaik/Desktop/Final_FW/final_fw1/src/main/resources
2021-12-13 13:49:39,429 [Worker-30: Launching firsttestngfile] WARN  o.e.m.c.i.embedder.EclipseLogger - Using platform encoding (UTF-8 actually) to copy filtered resources, i.e. build is platform dependent!
2021-12-13 13:49:39,429 [Worker-30: Launching firsttestngfile] INFO  o.e.m.c.i.embedder.EclipseLogger - skip non existing resourceDirectory /home/yunusshaik/Desktop/Final_FW/final_fw1/src/test/resources
2021-12-13 13:50:34,610 [Worker-28: Launching firsttestngfile] WARN  o.e.m.c.i.embedder.EclipseLogger - Using platform encoding (UTF-8 actually) to copy filtered resources, i.e. build is platform dependent!
2021-12-13 13:50:34,612 [Worker-28: Launching firsttestngfile] INFO  o.e.m.c.i.embedder.EclipseLogger - skip non existing resourceDirectory /home/yunusshaik/Desktop/Final_FW/final_fw1/src/main/resources
2021-12-13 13:50:34,613 [Worker-28: Launching firsttestngfile] WARN  o.e.m.c.i.embedder.EclipseLogger - Using platform encoding (UTF-8 actually) to copy filtered resources, i.e. build is platform dependent!
2021-12-13 13:50:34,614 [Worker-28: Launching firsttestngfile] INFO  o.e.m.c.i.embedder.EclipseLogger - skip non existing resourceDirectory /home/yunusshaik/Desktop/Final_FW/final_fw1/src/test/resources
2021-12-13 13:51:44,673 [Worker-29: Launching firsttestngfile.home] WARN  o.e.m.c.i.embedder.EclipseLogger - Using platform encoding (UTF-8 actually) to copy filtered resources, i.e. build is platform dependent!
2021-12-13 13:51:44,674 [Worker-29: Launching firsttestngfile.home] INFO  o.e.m.c.i.embedder.EclipseLogger - skip non existing resourceDirectory /home/yunusshaik/Desktop/Final_FW/final_fw1/src/main/resources
2021-12-13 13:51:44,675 [Worker-29: Launching firsttestngfile.home] WARN  o.e.m.c.i.embedder.EclipseLogger - Using platform encoding (UTF-8 actually) to copy filtered resources, i.e. build is platform dependent!
2021-12-13 13:51:44,676 [Worker-29: Launching firsttestngfile.home] INFO  o.e.m.c.i.embedder.EclipseLogger - skip non existing resourceDirectory /home/yunusshaik/Desktop/Final_FW/final_fw1/src/test/resources
2021-12-13 13:52:40,272 [Worker-32: Launching firsttestngfile] WARN  o.e.m.c.i.embedder.EclipseLogger - Using platform encoding (UTF-8 actually) to copy filtered resources, i.e. build is platform dependent!
2021-12-13 13:52:40,272 [Worker-32: Launching firsttestngfile] INFO  o.e.m.c.i.embedder.EclipseLogger - skip non existing resourceDirectory /home/yunusshaik/Desktop/Final_FW/final_fw1/src/main/resources
2021-12-13 13:52:40,273 [Worker-32: Launching firsttestngfile] WARN  o.e.m.c.i.embedder.EclipseLogger - Using platform encoding (UTF-8 actually) to copy filtered resources, i.e. build is platform dependent!
2021-12-13 13:52:40,274 [Worker-32: Launching firsttestngfile] INFO  o.e.m.c.i.embedder.EclipseLogger - skip non existing resourceDirectory /home/yunusshaik/Desktop/Final_FW/final_fw1/src/test/resources
2021-12-13 13:53:17,351 [Worker-28: Launching firsttestngfile] WARN  o.e.m.c.i.embedder.EclipseLogger - Using platform encoding (UTF-8 actually) to copy filtered resources, i.e. build is platform dependent!
2021-12-13 13:53:17,351 [Worker-28: Launching firsttestngfile] INFO  o.e.m.c.i.embedder.EclipseLogger - skip non existing resourceDirectory /home/yunusshaik/Desktop/Final_FW/final_fw1/src/main/resources
2021-12-13 13:53:17,354 [Worker-28: Launching firsttestngfile] WARN  o.e.m.c.i.embedder.EclipseLogger - Using platform encoding (UTF-8 actually) to copy filtered resources, i.e. build is platform dependent!
2021-12-13 13:53:17,354 [Worker-28: Launching firsttestngfile] INFO  o.e.m.c.i.embedder.EclipseLogger - skip non existing resourceDirectory /home/yunusshaik/Desktop/Final_FW/final_fw1/src/test/resources
2021-12-13 13:56:41,364 [Worker-28: Launching firsttestngfile] WARN  o.e.m.c.i.embedder.EclipseLogger - Using platform encoding (UTF-8 actually) to copy filtered resources, i.e. build is platform dependent!
2021-12-13 13:56:41,365 [Worker-28: Launching firsttestngfile] INFO  o.e.m.c.i.embedder.EclipseLogger - skip non existing resourceDirectory /home/yunusshaik/Desktop/Final_FW/final_fw1/src/main/resources
2021-12-13 13:56:41,369 [Worker-28: Launching firsttestngfile] WARN  o.e.m.c.i.embedder.EclipseLogger - Using platform encoding (UTF-8 actually) to copy filtered resources, i.e. build is platform dependent!
2021-12-13 13:56:41,370 [Worker-28: Launching firsttestngfile] INFO  o.e.m.c.i.embedder.EclipseLogger - skip non existing resourceDirectory /home/yunusshaik/Desktop/Final_FW/final_fw1/src/test/resources
2021-12-14 13:05:43,225 [Worker-5: Loading available Gradle versions] INFO  o.e.b.c.i.u.g.PublishedGradleVersions - Gradle version information cache is out-of-date. Trying to update.
2021-12-14 13:19:38,175 [Worker-21: Launching Executing test in _home_yunusshaik_Desktop_Final_FW_final_fw1] INFO  o.e.m.i.launch.MavenLaunchDelegate - /home/yunusshaik/Desktop/Final_FW/final_fw1
2021-12-14 13:19:38,182 [Worker-21: Launching Executing test in _home_yunusshaik_Desktop_Final_FW_final_fw1] INFO  o.e.m.i.launch.MavenLaunchDelegate -  mvn -B test
2021-12-14 13:20:28,722 [Worker-22: Launching Executing install in _home_yunusshaik_Desktop_Final_FW_final_fw1] INFO  o.e.m.i.launch.MavenLaunchDelegate - /home/yunusshaik/Desktop/Final_FW/final_fw1
2021-12-14 13:20:28,722 [Worker-22: Launching Executing install in _home_yunusshaik_Desktop_Final_FW_final_fw1] INFO  o.e.m.i.launch.MavenLaunchDelegate -  mvn -B install
2021-12-14 13:20:36,656 [Worker-25: Launching Executing generate-sources in _home_yunusshaik_Desktop_Final_FW_final_fw1] INFO  o.e.m.i.launch.MavenLaunchDelegate - /home/yunusshaik/Desktop/Final_FW/final_fw1
2021-12-14 13:20:36,656 [Worker-25: Launching Executing generate-sources in _home_yunusshaik_Desktop_Final_FW_final_fw1] INFO  o.e.m.i.launch.MavenLaunchDelegate -  mvn -B generate-sources
2021-12-14 13:20:48,636 [Worker-23: Launching Executing test in _home_yunusshaik_Desktop_Final_FW_final_fw1] INFO  o.e.m.i.launch.MavenLaunchDelegate - /home/yunusshaik/Desktop/Final_FW/final_fw1
2021-12-14 13:20:48,636 [Worker-23: Launching Executing test in _home_yunusshaik_Desktop_Final_FW_final_fw1] INFO  o.e.m.i.launch.MavenLaunchDelegate -  mvn -B test
2021-12-14 13:22:05,031 [Worker-21: Launching Executing clean in _home_yunusshaik_Desktop_Final_FW_final_fw1] INFO  o.e.m.i.launch.MavenLaunchDelegate - /home/yunusshaik/Desktop/Final_FW/final_fw1
2021-12-14 13:22:05,031 [Worker-21: Launching Executing clean in _home_yunusshaik_Desktop_Final_FW_final_fw1] INFO  o.e.m.i.launch.MavenLaunchDelegate -  mvn -B clean
2021-12-14 13:22:11,575 [Worker-25: Launching Executing test in _home_yunusshaik_Desktop_Final_FW_final_fw1] INFO  o.e.m.i.launch.MavenLaunchDelegate - /home/yunusshaik/Desktop/Final_FW/final_fw1
2021-12-14 13:22:11,575 [Worker-25: Launching Executing test in _home_yunusshaik_Desktop_Final_FW_final_fw1] INFO  o.e.m.i.launch.MavenLaunchDelegate -  mvn -B test
2021-12-14 13:25:56,944 [Worker-26: Launching Executing clean in _home_yunusshaik_Desktop_Final_FW_final_fw1] INFO  o.e.m.i.launch.MavenLaunchDelegate - /home/yunusshaik/Desktop/Final_FW/final_fw1
2021-12-14 13:25:56,944 [Worker-26: Launching Executing clean in _home_yunusshaik_Desktop_Final_FW_final_fw1] INFO  o.e.m.i.launch.MavenLaunchDelegate -  mvn -B clean
2021-12-14 13:26:05,537 [Worker-23: Launching Executing test in _home_yunusshaik_Desktop_Final_FW_final_fw1] INFO  o.e.m.i.launch.MavenLaunchDelegate - /home/yunusshaik/Desktop/Final_FW/final_fw1
2021-12-14 13:26:05,537 [Worker-23: Launching Executing test in _home_yunusshaik_Desktop_Final_FW_final_fw1] INFO  o.e.m.i.launch.MavenLaunchDelegate -  mvn -B test
2021-12-14 13:29:12,120 [Worker-28: Launching Executing test in _home_yunusshaik_Desktop_Final_FW_final_fw1] INFO  o.e.m.i.launch.MavenLaunchDelegate - /home/yunusshaik/Desktop/Final_FW/final_fw1
2021-12-14 13:29:12,120 [Worker-28: Launching Executing test in _home_yunusshaik_Desktop_Final_FW_final_fw1] INFO  o.e.m.i.launch.MavenLaunchDelegate -  mvn -B test
2021-12-14 13:29:50,805 [main] INFO  o.e.m2e.actions.ExecutePomAction - Creating new launch configuration
2021-12-14 13:30:02,662 [Worker-29: Launching final_fw1] INFO  o.e.m.i.launch.MavenLaunchDelegate - /home/yunusshaik/Desktop/Final_FW/final_fw1
2021-12-14 13:30:02,663 [Worker-29: Launching final_fw1] INFO  o.e.m.i.launch.MavenLaunchDelegate -  mvn -B 
2021-12-14 13:30:19,731 [Worker-27: Launching Executing test in _home_yunusshaik_Desktop_Final_FW_final_fw1] INFO  o.e.m.i.launch.MavenLaunchDelegate - /home/yunusshaik/Desktop/Final_FW/final_fw1
2021-12-14 13:30:19,731 [Worker-27: Launching Executing test in _home_yunusshaik_Desktop_Final_FW_final_fw1] INFO  o.e.m.i.launch.MavenLaunchDelegate -  mvn -B test
2021-12-14 13:31:01,757 [Worker-23: Launching Executing clean in _home_yunusshaik_Desktop_Final_FW_final_fw1] INFO  o.e.m.i.launch.MavenLaunchDelegate - /home/yunusshaik/Desktop/Final_FW/final_fw1
2021-12-14 13:31:01,757 [Worker-23: Launching Executing clean in _home_yunusshaik_Desktop_Final_FW_final_fw1] INFO  o.e.m.i.launch.MavenLaunchDelegate -  mvn -B clean
2021-12-14 13:31:09,016 [Worker-27: Launching Executing test in _home_yunusshaik_Desktop_Final_FW_final_fw1] INFO  o.e.m.i.launch.MavenLaunchDelegate - /home/yunusshaik/Desktop/Final_FW/final_fw1
2021-12-14 13:31:09,016 [Worker-27: Launching Executing test in _home_yunusshaik_Desktop_Final_FW_final_fw1] INFO  o.e.m.i.launch.MavenLaunchDelegate -  mvn -B test
2021-12-14 13:31:39,510 [Worker-29: Launching Executing clean in _home_yunusshaik_Desktop_Final_FW_final_fw1] INFO  o.e.m.i.launch.MavenLaunchDelegate - /home/yunusshaik/Desktop/Final_FW/final_fw1
2021-12-14 13:31:39,511 [Worker-29: Launching Executing clean in _home_yunusshaik_Desktop_Final_FW_final_fw1] INFO  o.e.m.i.launch.MavenLaunchDelegate -  mvn -B clean
2021-12-14 13:31:50,766 [Worker-29: Launching Executing test in _home_yunusshaik_Desktop_Final_FW_final_fw1] INFO  o.e.m.i.launch.MavenLaunchDelegate - /home/yunusshaik/Desktop/Final_FW/final_fw1
2021-12-14 13:31:50,766 [Worker-29: Launching Executing test in _home_yunusshaik_Desktop_Final_FW_final_fw1] INFO  o.e.m.i.launch.MavenLaunchDelegate -  mvn -B test
2021-12-14 13:32:23,820 [Worker-23: Cleaning all projects] INFO  o.e.m.c.i.l.LifecycleMappingFactory - Using org.eclipse.m2e.jdt.JarLifecycleMapping lifecycle mapping for MavenProject: final_fw:final_fw1:0.0.1-SNAPSHOT @ /home/yunusshaik/Desktop/Final_FW/final_fw1/pom.xml.
2021-12-14 13:32:24,915 [Worker-28: Building Workspace] WARN  o.e.m.c.i.embedder.EclipseLogger - Using platform encoding (UTF-8 actually) to copy filtered resources, i.e. build is platform dependent!
2021-12-14 13:32:24,916 [Worker-28: Building Workspace] INFO  o.e.m.c.i.embedder.EclipseLogger - skip non existing resourceDirectory /home/yunusshaik/Desktop/Final_FW/final_fw1/src/main/resources
2021-12-14 13:32:24,919 [Worker-28: Building Workspace] WARN  o.e.m.c.i.embedder.EclipseLogger - Using platform encoding (UTF-8 actually) to copy filtered resources, i.e. build is platform dependent!
2021-12-14 13:32:24,919 [Worker-28: Building Workspace] INFO  o.e.m.c.i.embedder.EclipseLogger - skip non existing resourceDirectory /home/yunusshaik/Desktop/Final_FW/final_fw1/src/test/resources
2021-12-14 13:37:43,751 [Worker-27: Launching ParallelTest] WARN  o.e.m.c.i.embedder.EclipseLogger - Using platform encoding (UTF-8 actually) to copy filtered resources, i.e. build is platform dependent!
2021-12-14 13:37:43,752 [Worker-27: Launching ParallelTest] INFO  o.e.m.c.i.embedder.EclipseLogger - skip non existing resourceDirectory /home/yunusshaik/Desktop/Final_FW/final_fw1/src/main/resources
2021-12-14 13:37:43,754 [Worker-27: Launching ParallelTest] WARN  o.e.m.c.i.embedder.EclipseLogger - Using platform encoding (UTF-8 actually) to copy filtered resources, i.e. build is platform dependent!
2021-12-14 13:37:43,755 [Worker-27: Launching ParallelTest] INFO  o.e.m.c.i.embedder.EclipseLogger - skip non existing resourceDirectory /home/yunusshaik/Desktop/Final_FW/final_fw1/src/test/resources
2021-12-14 13:40:20,585 [Worker-35: Launching final_fw1_testng.xml] WARN  o.e.m.c.i.embedder.EclipseLogger - Using platform encoding (UTF-8 actually) to copy filtered resources, i.e. build is platform dependent!
2021-12-14 13:40:20,585 [Worker-35: Launching final_fw1_testng.xml] INFO  o.e.m.c.i.embedder.EclipseLogger - skip non existing resourceDirectory /home/yunusshaik/Desktop/Final_FW/final_fw1/src/main/resources
2021-12-14 13:40:20,587 [Worker-35: Launching final_fw1_testng.xml] WARN  o.e.m.c.i.embedder.EclipseLogger - Using platform encoding (UTF-8 actually) to copy filtered resources, i.e. build is platform dependent!
2021-12-14 13:40:20,588 [Worker-35: Launching final_fw1_testng.xml] INFO  o.e.m.c.i.embedder.EclipseLogger - skip non existing resourceDirectory /home/yunusshaik/Desktop/Final_FW/final_fw1/src/test/resources
2021-12-14 13:46:17,405 [Worker-32: Launching final_fw1_testAll_testng.xml] WARN  o.e.m.c.i.embedder.EclipseLogger - Using platform encoding (UTF-8 actually) to copy filtered resources, i.e. build is platform dependent!
2021-12-14 13:46:17,406 [Worker-32: Launching final_fw1_testAll_testng.xml] INFO  o.e.m.c.i.embedder.EclipseLogger - skip non existing resourceDirectory /home/yunusshaik/Desktop/Final_FW/final_fw1/src/main/resources
2021-12-14 13:46:17,408 [Worker-32: Launching final_fw1_testAll_testng.xml] WARN  o.e.m.c.i.embedder.EclipseLogger - Using platform encoding (UTF-8 actually) to copy filtered resources, i.e. build is platform dependent!
2021-12-14 13:46:17,409 [Worker-32: Launching final_fw1_testAll_testng.xml] INFO  o.e.m.c.i.embedder.EclipseLogger - skip non existing resourceDirectory /home/yunusshaik/Desktop/Final_FW/final_fw1/src/test/resources
2021-12-14 13:47:06,137 [Worker-35: Launching final_fw1_testAll_testng.xml] WARN  o.e.m.c.i.embedder.EclipseLogger - Using platform encoding (UTF-8 actually) to copy filtered resources, i.e. build is platform dependent!
2021-12-14 13:47:06,137 [Worker-35: Launching final_fw1_testAll_testng.xml] INFO  o.e.m.c.i.embedder.EclipseLogger - skip non existing resourceDirectory /home/yunusshaik/Desktop/Final_FW/final_fw1/src/main/resources
2021-12-14 13:47:06,139 [Worker-35: Launching final_fw1_testAll_testng.xml] WARN  o.e.m.c.i.embedder.EclipseLogger - Using platform encoding (UTF-8 actually) to copy filtered resources, i.e. build is platform dependent!
2021-12-14 13:47:06,139 [Worker-35: Launching final_fw1_testAll_testng.xml] INFO  o.e.m.c.i.embedder.EclipseLogger - skip non existing resourceDirectory /home/yunusshaik/Desktop/Final_FW/final_fw1/src/test/resources
2021-12-14 13:48:36,644 [Worker-40: Building Workspace] WARN  o.e.m.c.i.embedder.EclipseLogger - Using platform encoding (UTF-8 actually) to copy filtered resources, i.e. build is platform dependent!
2021-12-14 13:48:36,645 [Worker-40: Building Workspace] INFO  o.e.m.c.i.embedder.EclipseLogger - skip non existing resourceDirectory /home/yunusshaik/Desktop/Final_FW/final_fw1/src/main/resources
2021-12-14 13:48:36,647 [Worker-40: Building Workspace] WARN  o.e.m.c.i.embedder.EclipseLogger - Using platform encoding (UTF-8 actually) to copy filtered resources, i.e. build is platform dependent!
2021-12-14 13:48:36,647 [Worker-40: Building Workspace] INFO  o.e.m.c.i.embedder.EclipseLogger - skip non existing resourceDirectory /home/yunusshaik/Desktop/Final_FW/final_fw1/src/test/resources
2021-12-14 13:49:44,814 [Worker-39: Building Workspace] WARN  o.e.m.c.i.embedder.EclipseLogger - Using platform encoding (UTF-8 actually) to copy filtered resources, i.e. build is platform dependent!
2021-12-14 13:49:44,815 [Worker-39: Building Workspace] INFO  o.e.m.c.i.embedder.EclipseLogger - skip non existing resourceDirectory /home/yunusshaik/Desktop/Final_FW/final_fw1/src/main/resources
2021-12-14 13:49:44,816 [Worker-39: Building Workspace] WARN  o.e.m.c.i.embedder.EclipseLogger - Using platform encoding (UTF-8 actually) to copy filtered resources, i.e. build is platform dependent!
2021-12-14 13:49:44,817 [Worker-39: Building Workspace] INFO  o.e.m.c.i.embedder.EclipseLogger - skip non existing resourceDirectory /home/yunusshaik/Desktop/Final_FW/final_fw1/src/test/resources
2021-12-14 13:49:57,189 [Worker-35: Launching final_fw1_testng.xml] WARN  o.e.m.c.i.embedder.EclipseLogger - Using platform encoding (UTF-8 actually) to copy filtered resources, i.e. build is platform dependent!
2021-12-14 13:49:57,190 [Worker-35: Launching final_fw1_testng.xml] INFO  o.e.m.c.i.embedder.EclipseLogger - skip non existing resourceDirectory /home/yunusshaik/Desktop/Final_FW/final_fw1/src/main/resources
2021-12-14 13:49:57,194 [Worker-35: Launching final_fw1_testng.xml] WARN  o.e.m.c.i.embedder.EclipseLogger - Using platform encoding (UTF-8 actually) to copy filtered resources, i.e. build is platform dependent!
2021-12-14 13:49:57,195 [Worker-35: Launching final_fw1_testng.xml] INFO  o.e.m.c.i.embedder.EclipseLogger - skip non existing resourceDirectory /home/yunusshaik/Desktop/Final_FW/final_fw1/src/test/resources
2021-12-14 13:51:44,775 [Worker-41: Launching final_fw1_testng.xml] WARN  o.e.m.c.i.embedder.EclipseLogger - Using platform encoding (UTF-8 actually) to copy filtered resources, i.e. build is platform dependent!
2021-12-14 13:51:44,775 [Worker-41: Launching final_fw1_testng.xml] INFO  o.e.m.c.i.embedder.EclipseLogger - skip non existing resourceDirectory /home/yunusshaik/Desktop/Final_FW/final_fw1/src/main/resources
2021-12-14 13:51:44,776 [Worker-41: Launching final_fw1_testng.xml] WARN  o.e.m.c.i.embedder.EclipseLogger - Using platform encoding (UTF-8 actually) to copy filtered resources, i.e. build is platform dependent!
2021-12-14 13:51:44,777 [Worker-41: Launching final_fw1_testng.xml] INFO  o.e.m.c.i.embedder.EclipseLogger - skip non existing resourceDirectory /home/yunusshaik/Desktop/Final_FW/final_fw1/src/test/resources
2021-12-14 14:39:08,746 [Worker-47: Launching AmazonLoginTest] WARN  o.e.m.c.i.embedder.EclipseLogger - Using platform encoding (UTF-8 actually) to copy filtered resources, i.e. build is platform dependent!
2021-12-14 14:39:08,777 [Worker-47: Launching AmazonLoginTest] INFO  o.e.m.c.i.embedder.EclipseLogger - skip non existing resourceDirectory /home/yunusshaik/Desktop/Final_FW/final_fw1/src/main/resources
2021-12-14 14:39:08,780 [Worker-47: Launching AmazonLoginTest] WARN  o.e.m.c.i.embedder.EclipseLogger - Using platform encoding (UTF-8 actually) to copy filtered resources, i.e. build is platform dependent!
2021-12-14 14:39:08,781 [Worker-47: Launching AmazonLoginTest] INFO  o.e.m.c.i.embedder.EclipseLogger - skip non existing resourceDirectory /home/yunusshaik/Desktop/Final_FW/final_fw1/src/test/resources
2021-12-14 14:40:50,164 [Worker-46: Launching AmazonLoginTest] WARN  o.e.m.c.i.embedder.EclipseLogger - Using platform encoding (UTF-8 actually) to copy filtered resources, i.e. build is platform dependent!
2021-12-14 14:40:50,165 [Worker-46: Launching AmazonLoginTest] INFO  o.e.m.c.i.embedder.EclipseLogger - skip non existing resourceDirectory /home/yunusshaik/Desktop/Final_FW/final_fw1/src/main/resources
2021-12-14 14:40:50,167 [Worker-46: Launching AmazonLoginTest] WARN  o.e.m.c.i.embedder.EclipseLogger - Using platform encoding (UTF-8 actually) to copy filtered resources, i.e. build is platform dependent!
2021-12-14 14:40:50,167 [Worker-46: Launching AmazonLoginTest] INFO  o.e.m.c.i.embedder.EclipseLogger - skip non existing resourceDirectory /home/yunusshaik/Desktop/Final_FW/final_fw1/src/test/resources
2021-12-14 14:43:39,431 [Worker-52: Launching AmazonLoginTest] WARN  o.e.m.c.i.embedder.EclipseLogger - Using platform encoding (UTF-8 actually) to copy filtered resources, i.e. build is platform dependent!
2021-12-14 14:43:39,432 [Worker-52: Launching AmazonLoginTest] INFO  o.e.m.c.i.embedder.EclipseLogger - skip non existing resourceDirectory /home/yunusshaik/Desktop/Final_FW/final_fw1/src/main/resources
2021-12-14 14:43:39,434 [Worker-52: Launching AmazonLoginTest] WARN  o.e.m.c.i.embedder.EclipseLogger - Using platform encoding (UTF-8 actually) to copy filtered resources, i.e. build is platform dependent!
2021-12-14 14:43:39,435 [Worker-52: Launching AmazonLoginTest] INFO  o.e.m.c.i.embedder.EclipseLogger - skip non existing resourceDirectory /home/yunusshaik/Desktop/Final_FW/final_fw1/src/test/resources
2021-12-14 14:46:22,532 [Worker-46: Launching AmazonLoginTest] WARN  o.e.m.c.i.embedder.EclipseLogger - Using platform encoding (UTF-8 actually) to copy filtered resources, i.e. build is platform dependent!
2021-12-14 14:46:22,534 [Worker-46: Launching AmazonLoginTest] INFO  o.e.m.c.i.embedder.EclipseLogger - skip non existing resourceDirectory /home/yunusshaik/Desktop/Final_FW/final_fw1/src/main/resources
2021-12-14 14:46:22,537 [Worker-46: Launching AmazonLoginTest] WARN  o.e.m.c.i.embedder.EclipseLogger - Using platform encoding (UTF-8 actually) to copy filtered resources, i.e. build is platform dependent!
2021-12-14 14:46:22,538 [Worker-46: Launching AmazonLoginTest] INFO  o.e.m.c.i.embedder.EclipseLogger - skip non existing resourceDirectory /home/yunusshaik/Desktop/Final_FW/final_fw1/src/test/resources
2021-12-14 14:49:50,182 [Worker-49: Launching AmazonLoginTest] WARN  o.e.m.c.i.embedder.EclipseLogger - Using platform encoding (UTF-8 actually) to copy filtered resources, i.e. build is platform dependent!
2021-12-14 14:49:50,183 [Worker-49: Launching AmazonLoginTest] INFO  o.e.m.c.i.embedder.EclipseLogger - skip non existing resourceDirectory /home/yunusshaik/Desktop/Final_FW/final_fw1/src/main/resources
2021-12-14 14:49:50,186 [Worker-49: Launching AmazonLoginTest] WARN  o.e.m.c.i.embedder.EclipseLogger - Using platform encoding (UTF-8 actually) to copy filtered resources, i.e. build is platform dependent!
2021-12-14 14:49:50,187 [Worker-49: Launching AmazonLoginTest] INFO  o.e.m.c.i.embedder.EclipseLogger - skip non existing resourceDirectory /home/yunusshaik/Desktop/Final_FW/final_fw1/src/test/resources
2021-12-14 14:50:29,407 [Worker-52: Launching AmazonLoginTest] WARN  o.e.m.c.i.embedder.EclipseLogger - Using platform encoding (UTF-8 actually) to copy filtered resources, i.e. build is platform dependent!
2021-12-14 14:50:29,409 [Worker-52: Launching AmazonLoginTest] INFO  o.e.m.c.i.embedder.EclipseLogger - skip non existing resourceDirectory /home/yunusshaik/Desktop/Final_FW/final_fw1/src/main/resources
2021-12-14 14:50:29,412 [Worker-52: Launching AmazonLoginTest] WARN  o.e.m.c.i.embedder.EclipseLogger - Using platform encoding (UTF-8 actually) to copy filtered resources, i.e. build is platform dependent!
2021-12-14 14:50:29,412 [Worker-52: Launching AmazonLoginTest] INFO  o.e.m.c.i.embedder.EclipseLogger - skip non existing resourceDirectory /home/yunusshaik/Desktop/Final_FW/final_fw1/src/test/resources
2021-12-14 14:50:38,874 [Worker-52: Launching AmazonLoginTest] WARN  o.e.m.c.i.embedder.EclipseLogger - Using platform encoding (UTF-8 actually) to copy filtered resources, i.e. build is platform dependent!
2021-12-14 14:50:38,875 [Worker-52: Launching AmazonLoginTest] INFO  o.e.m.c.i.embedder.EclipseLogger - skip non existing resourceDirectory /home/yunusshaik/Desktop/Final_FW/final_fw1/src/main/resources
2021-12-14 14:50:38,878 [Worker-52: Launching AmazonLoginTest] WARN  o.e.m.c.i.embedder.EclipseLogger - Using platform encoding (UTF-8 actually) to copy filtered resources, i.e. build is platform dependent!
2021-12-14 14:50:38,878 [Worker-52: Launching AmazonLoginTest] INFO  o.e.m.c.i.embedder.EclipseLogger - skip non existing resourceDirectory /home/yunusshaik/Desktop/Final_FW/final_fw1/src/test/resources
2021-12-14 14:55:41,262 [Worker-46: Launching AmazonLoginTest] WARN  o.e.m.c.i.embedder.EclipseLogger - Using platform encoding (UTF-8 actually) to copy filtered resources, i.e. build is platform dependent!
2021-12-14 14:55:41,263 [Worker-46: Launching AmazonLoginTest] INFO  o.e.m.c.i.embedder.EclipseLogger - skip non existing resourceDirectory /home/yunusshaik/Desktop/Final_FW/final_fw1/src/main/resources
2021-12-14 14:55:41,265 [Worker-46: Launching AmazonLoginTest] WARN  o.e.m.c.i.embedder.EclipseLogger - Using platform encoding (UTF-8 actually) to copy filtered resources, i.e. build is platform dependent!
2021-12-14 14:55:41,266 [Worker-46: Launching AmazonLoginTest] INFO  o.e.m.c.i.embedder.EclipseLogger - skip non existing resourceDirectory /home/yunusshaik/Desktop/Final_FW/final_fw1/src/test/resources
2021-12-14 14:56:54,578 [Worker-49: Launching AmazonLoginTest] WARN  o.e.m.c.i.embedder.EclipseLogger - Using platform encoding (UTF-8 actually) to copy filtered resources, i.e. build is platform dependent!
2021-12-14 14:56:54,579 [Worker-49: Launching AmazonLoginTest] INFO  o.e.m.c.i.embedder.EclipseLogger - skip non existing resourceDirectory /home/yunusshaik/Desktop/Final_FW/final_fw1/src/main/resources
2021-12-14 14:56:54,580 [Worker-49: Launching AmazonLoginTest] WARN  o.e.m.c.i.embedder.EclipseLogger - Using platform encoding (UTF-8 actually) to copy filtered resources, i.e. build is platform dependent!
2021-12-14 14:56:54,580 [Worker-49: Launching AmazonLoginTest] INFO  o.e.m.c.i.embedder.EclipseLogger - skip non existing resourceDirectory /home/yunusshaik/Desktop/Final_FW/final_fw1/src/test/resources
2021-12-14 14:59:03,740 [Worker-52: Launching AmazonLoginTest] WARN  o.e.m.c.i.embedder.EclipseLogger - Using platform encoding (UTF-8 actually) to copy filtered resources, i.e. build is platform dependent!
2021-12-14 14:59:03,742 [Worker-52: Launching AmazonLoginTest] INFO  o.e.m.c.i.embedder.EclipseLogger - skip non existing resourceDirectory /home/yunusshaik/Desktop/Final_FW/final_fw1/src/main/resources
2021-12-14 14:59:03,745 [Worker-52: Launching AmazonLoginTest] WARN  o.e.m.c.i.embedder.EclipseLogger - Using platform encoding (UTF-8 actually) to copy filtered resources, i.e. build is platform dependent!
2021-12-14 14:59:03,746 [Worker-52: Launching AmazonLoginTest] INFO  o.e.m.c.i.embedder.EclipseLogger - skip non existing resourceDirectory /home/yunusshaik/Desktop/Final_FW/final_fw1/src/test/resources
2021-12-14 15:00:14,091 [Worker-47: Launching AmazonLoginTest] WARN  o.e.m.c.i.embedder.EclipseLogger - Using platform encoding (UTF-8 actually) to copy filtered resources, i.e. build is platform dependent!
2021-12-14 15:00:14,092 [Worker-47: Launching AmazonLoginTest] INFO  o.e.m.c.i.embedder.EclipseLogger - skip non existing resourceDirectory /home/yunusshaik/Desktop/Final_FW/final_fw1/src/main/resources
2021-12-14 15:00:14,093 [Worker-47: Launching AmazonLoginTest] WARN  o.e.m.c.i.embedder.EclipseLogger - Using platform encoding (UTF-8 actually) to copy filtered resources, i.e. build is platform dependent!
2021-12-14 15:00:14,093 [Worker-47: Launching AmazonLoginTest] INFO  o.e.m.c.i.embedder.EclipseLogger - skip non existing resourceDirectory /home/yunusshaik/Desktop/Final_FW/final_fw1/src/test/resources
2021-12-14 15:12:42,411 [Worker-54: Launching AmazonLoginTest] WARN  o.e.m.c.i.embedder.EclipseLogger - Using platform encoding (UTF-8 actually) to copy filtered resources, i.e. build is platform dependent!
2021-12-14 15:12:42,412 [Worker-54: Launching AmazonLoginTest] INFO  o.e.m.c.i.embedder.EclipseLogger - skip non existing resourceDirectory /home/yunusshaik/Desktop/Final_FW/final_fw1/src/main/resources
2021-12-14 15:12:42,414 [Worker-54: Launching AmazonLoginTest] WARN  o.e.m.c.i.embedder.EclipseLogger - Using platform encoding (UTF-8 actually) to copy filtered resources, i.e. build is platform dependent!
2021-12-14 15:12:42,414 [Worker-54: Launching AmazonLoginTest] INFO  o.e.m.c.i.embedder.EclipseLogger - skip non existing resourceDirectory /home/yunusshaik/Desktop/Final_FW/final_fw1/src/test/resources
2021-12-14 15:21:52,874 [Worker-49: Launching final_fw1_sanity_testng.xml] WARN  o.e.m.c.i.embedder.EclipseLogger - Using platform encoding (UTF-8 actually) to copy filtered resources, i.e. build is platform dependent!
2021-12-14 15:21:52,876 [Worker-49: Launching final_fw1_sanity_testng.xml] INFO  o.e.m.c.i.embedder.EclipseLogger - skip non existing resourceDirectory /home/yunusshaik/Desktop/Final_FW/final_fw1/src/main/resources
2021-12-14 15:21:52,878 [Worker-49: Launching final_fw1_sanity_testng.xml] WARN  o.e.m.c.i.embedder.EclipseLogger - Using platform encoding (UTF-8 actually) to copy filtered resources, i.e. build is platform dependent!
2021-12-14 15:21:52,879 [Worker-49: Launching final_fw1_sanity_testng.xml] INFO  o.e.m.c.i.embedder.EclipseLogger - skip non existing resourceDirectory /home/yunusshaik/Desktop/Final_FW/final_fw1/src/test/resources
2021-12-14 15:31:55,332 [Worker-59: Launching AmazonLoginTest] WARN  o.e.m.c.i.embedder.EclipseLogger - Using platform encoding (UTF-8 actually) to copy filtered resources, i.e. build is platform dependent!
2021-12-14 15:31:55,334 [Worker-59: Launching AmazonLoginTest] INFO  o.e.m.c.i.embedder.EclipseLogger - skip non existing resourceDirectory /home/yunusshaik/Desktop/Final_FW/final_fw1/src/main/resources
2021-12-14 15:31:55,338 [Worker-59: Launching AmazonLoginTest] WARN  o.e.m.c.i.embedder.EclipseLogger - Using platform encoding (UTF-8 actually) to copy filtered resources, i.e. build is platform dependent!
2021-12-14 15:31:55,340 [Worker-59: Launching AmazonLoginTest] INFO  o.e.m.c.i.embedder.EclipseLogger - skip non existing resourceDirectory /home/yunusshaik/Desktop/Final_FW/final_fw1/src/test/resources
2021-12-14 15:34:46,451 [Worker-60: Launching final_fw1_parallel_testng.xml] WARN  o.e.m.c.i.embedder.EclipseLogger - Using platform encoding (UTF-8 actually) to copy filtered resources, i.e. build is platform dependent!
2021-12-14 15:34:46,479 [Worker-60: Launching final_fw1_parallel_testng.xml] INFO  o.e.m.c.i.embedder.EclipseLogger - skip non existing resourceDirectory /home/yunusshaik/Desktop/Final_FW/final_fw1/src/main/resources
2021-12-14 15:34:46,482 [Worker-60: Launching final_fw1_parallel_testng.xml] WARN  o.e.m.c.i.embedder.EclipseLogger - Using platform encoding (UTF-8 actually) to copy filtered resources, i.e. build is platform dependent!
2021-12-14 15:34:46,483 [Worker-60: Launching final_fw1_parallel_testng.xml] INFO  o.e.m.c.i.embedder.EclipseLogger - skip non existing resourceDirectory /home/yunusshaik/Desktop/Final_FW/final_fw1/src/test/resources
2021-12-14 15:35:12,312 [Worker-58: Building Workspace] WARN  o.e.m.c.i.embedder.EclipseLogger - Using platform encoding (UTF-8 actually) to copy filtered resources, i.e. build is platform dependent!
2021-12-14 15:35:12,313 [Worker-58: Building Workspace] INFO  o.e.m.c.i.embedder.EclipseLogger - skip non existing resourceDirectory /home/yunusshaik/Desktop/Final_FW/final_fw1/src/main/resources
2021-12-14 15:35:12,317 [Worker-58: Building Workspace] WARN  o.e.m.c.i.embedder.EclipseLogger - Using platform encoding (UTF-8 actually) to copy filtered resources, i.e. build is platform dependent!
2021-12-14 15:35:12,318 [Worker-58: Building Workspace] INFO  o.e.m.c.i.embedder.EclipseLogger - skip non existing resourceDirectory /home/yunusshaik/Desktop/Final_FW/final_fw1/src/test/resources
2021-12-14 15:38:19,970 [Worker-58: Launching final_fw1_test-output.testng-failed.xml] WARN  o.e.m.c.i.embedder.EclipseLogger - Using platform encoding (UTF-8 actually) to copy filtered resources, i.e. build is platform dependent!
2021-12-14 15:38:20,007 [Worker-58: Launching final_fw1_test-output.testng-failed.xml] INFO  o.e.m.c.i.embedder.EclipseLogger - skip non existing resourceDirectory /home/yunusshaik/Desktop/Final_FW/final_fw1/src/main/resources
2021-12-14 15:38:20,009 [Worker-58: Launching final_fw1_test-output.testng-failed.xml] WARN  o.e.m.c.i.embedder.EclipseLogger - Using platform encoding (UTF-8 actually) to copy filtered resources, i.e. build is platform dependent!
2021-12-14 15:38:20,010 [Worker-58: Launching final_fw1_test-output.testng-failed.xml] INFO  o.e.m.c.i.embedder.EclipseLogger - skip non existing resourceDirectory /home/yunusshaik/Desktop/Final_FW/final_fw1/src/test/resources
2021-12-14 15:40:19,387 [Worker-60: Launching final_fw1_test-output.testng-failed.xml] WARN  o.e.m.c.i.embedder.EclipseLogger - Using platform encoding (UTF-8 actually) to copy filtered resources, i.e. build is platform dependent!
2021-12-14 15:40:19,507 [Worker-60: Launching final_fw1_test-output.testng-failed.xml] INFO  o.e.m.c.i.embedder.EclipseLogger - skip non existing resourceDirectory /home/yunusshaik/Desktop/Final_FW/final_fw1/src/main/resources
2021-12-14 15:40:19,508 [Worker-60: Launching final_fw1_test-output.testng-failed.xml] WARN  o.e.m.c.i.embedder.EclipseLogger - Using platform encoding (UTF-8 actually) to copy filtered resources, i.e. build is platform dependent!
2021-12-14 15:40:19,557 [Worker-60: Launching final_fw1_test-output.testng-failed.xml] INFO  o.e.m.c.i.embedder.EclipseLogger - skip non existing resourceDirectory /home/yunusshaik/Desktop/Final_FW/final_fw1/src/test/resources
2021-12-17 22:49:41,030 [Worker-7: Loading available Gradle versions] INFO  o.e.b.c.i.u.g.PublishedGradleVersions - Gradle version information cache is out-of-date. Trying to update.
2021-12-17 23:11:19,601 [Worker-22: Launching TestProperties] WARN  o.e.m.c.i.embedder.EclipseLogger - Using platform encoding (UTF-8 actually) to copy filtered resources, i.e. build is platform dependent!
2021-12-17 23:11:19,673 [Worker-22: Launching TestProperties] INFO  o.e.m.c.i.embedder.EclipseLogger - skip non existing resourceDirectory /home/yunusshaik/Desktop/Final_FW/final_fw1/src/main/resources
2021-12-17 23:11:19,676 [Worker-22: Launching TestProperties] WARN  o.e.m.c.i.embedder.EclipseLogger - Using platform encoding (UTF-8 actually) to copy filtered resources, i.e. build is platform dependent!
2021-12-17 23:11:19,676 [Worker-22: Launching TestProperties] INFO  o.e.m.c.i.embedder.EclipseLogger - skip non existing resourceDirectory /home/yunusshaik/Desktop/Final_FW/final_fw1/src/test/resources
2021-12-17 23:11:57,660 [Worker-23: Launching TestProperties] WARN  o.e.m.c.i.embedder.EclipseLogger - Using platform encoding (UTF-8 actually) to copy filtered resources, i.e. build is platform dependent!
2021-12-17 23:11:57,733 [Worker-23: Launching TestProperties] INFO  o.e.m.c.i.embedder.EclipseLogger - skip non existing resourceDirectory /home/yunusshaik/Desktop/Final_FW/final_fw1/src/main/resources
2021-12-17 23:11:57,734 [Worker-23: Launching TestProperties] WARN  o.e.m.c.i.embedder.EclipseLogger - Using platform encoding (UTF-8 actually) to copy filtered resources, i.e. build is platform dependent!
2021-12-17 23:11:57,735 [Worker-23: Launching TestProperties] INFO  o.e.m.c.i.embedder.EclipseLogger - skip non existing resourceDirectory /home/yunusshaik/Desktop/Final_FW/final_fw1/src/test/resources
2021-12-17 23:28:52,983 [Worker-27: Launching Executing test in _home_yunusshaik_Desktop_Final_FW_final_fw1] INFO  o.e.m.i.launch.MavenLaunchDelegate - /home/yunusshaik/Desktop/Final_FW/final_fw1
2021-12-17 23:28:53,040 [Worker-27: Launching Executing test in _home_yunusshaik_Desktop_Final_FW_final_fw1] INFO  o.e.m.i.launch.MavenLaunchDelegate -  mvn -B test
2021-12-17 23:29:47,343 [Worker-27: Cleaning all projects] INFO  o.e.m.c.i.l.LifecycleMappingFactory - Using org.eclipse.m2e.jdt.JarLifecycleMapping lifecycle mapping for MavenProject: final_fw:final_fw1:0.0.1-SNAPSHOT @ /home/yunusshaik/Desktop/Final_FW/final_fw1/pom.xml.
2021-12-17 23:29:48,848 [Worker-31: Building Workspace] WARN  o.e.m.c.i.embedder.EclipseLogger - Using platform encoding (UTF-8 actually) to copy filtered resources, i.e. build is platform dependent!
2021-12-17 23:29:48,849 [Worker-31: Building Workspace] INFO  o.e.m.c.i.embedder.EclipseLogger - skip non existing resourceDirectory /home/yunusshaik/Desktop/Final_FW/final_fw1/src/main/resources
2021-12-17 23:29:48,852 [Worker-31: Building Workspace] WARN  o.e.m.c.i.embedder.EclipseLogger - Using platform encoding (UTF-8 actually) to copy filtered resources, i.e. build is platform dependent!
2021-12-17 23:29:48,853 [Worker-31: Building Workspace] INFO  o.e.m.c.i.embedder.EclipseLogger - skip non existing resourceDirectory /home/yunusshaik/Desktop/Final_FW/final_fw1/src/test/resources
2021-12-17 23:30:27,896 [Worker-30: Updating Maven Project] INFO  o.e.m.c.i.p.ProjectConfigurationManager - Update started
2021-12-17 23:30:28,159 [Worker-30: Updating Maven Project] INFO  o.e.m.c.i.l.LifecycleMappingFactory - Using org.eclipse.m2e.jdt.JarLifecycleMapping lifecycle mapping for MavenProject: final_fw:final_fw1:0.0.1-SNAPSHOT @ /home/yunusshaik/Desktop/Final_FW/final_fw1/pom.xml.
2021-12-17 23:30:28,330 [Worker-30: Updating Maven Project] INFO  o.e.m.j.i.AbstractJavaProjectConfigurator - Adding source folder /final_fw1/src/main/java
2021-12-17 23:30:28,331 [Worker-30: Updating Maven Project] INFO  o.e.m.j.i.AbstractJavaProjectConfigurator - Adding source folder /final_fw1/src/test/java
2021-12-17 23:30:28,633 [Worker-30: Updating Maven Project] INFO  o.e.m.c.i.p.ProjectConfigurationManager - Update completed: 0 sec
2021-12-17 23:30:38,580 [Worker-28: Launching Executing clean in _home_yunusshaik_Desktop_Final_FW_final_fw1] INFO  o.e.m.i.launch.MavenLaunchDelegate - /home/yunusshaik/Desktop/Final_FW/final_fw1
2021-12-17 23:30:38,580 [Worker-28: Launching Executing clean in _home_yunusshaik_Desktop_Final_FW_final_fw1] INFO  o.e.m.i.launch.MavenLaunchDelegate -  mvn -B clean
2021-12-17 23:30:48,316 [Worker-27: Launching Executing test in _home_yunusshaik_Desktop_Final_FW_final_fw1] INFO  o.e.m.i.launch.MavenLaunchDelegate - /home/yunusshaik/Desktop/Final_FW/final_fw1
2021-12-17 23:30:48,316 [Worker-27: Launching Executing test in _home_yunusshaik_Desktop_Final_FW_final_fw1] INFO  o.e.m.i.launch.MavenLaunchDelegate -  mvn -B test
2021-12-17 23:30:56,046 [Worker-27: Launching Executing install in _home_yunusshaik_Desktop_Final_FW_final_fw1] INFO  o.e.m.i.launch.MavenLaunchDelegate - /home/yunusshaik/Desktop/Final_FW/final_fw1
2021-12-17 23:30:56,046 [Worker-27: Launching Executing install in _home_yunusshaik_Desktop_Final_FW_final_fw1] INFO  o.e.m.i.launch.MavenLaunchDelegate -  mvn -B install
2021-12-17 23:31:03,988 [main] INFO  o.e.m2e.actions.ExecutePomAction - Creating new launch configuration
2021-12-17 23:32:20,647 [Worker-30: Launching Executing test in _home_yunusshaik_Desktop_Final_FW_final_fw1] INFO  o.e.m.i.launch.MavenLaunchDelegate - /home/yunusshaik/Desktop/Final_FW/final_fw1
2021-12-17 23:32:20,647 [Worker-30: Launching Executing test in _home_yunusshaik_Desktop_Final_FW_final_fw1] INFO  o.e.m.i.launch.MavenLaunchDelegate -  mvn -B test
2021-12-17 23:33:23,012 [Worker-32: Build Project] INFO  o.e.m.c.i.l.LifecycleMappingFactory - Using org.eclipse.m2e.jdt.JarLifecycleMapping lifecycle mapping for MavenProject: final_fw:final_fw1:0.0.1-SNAPSHOT @ /home/yunusshaik/Desktop/Final_FW/final_fw1/pom.xml.
2021-12-17 23:33:23,531 [Worker-32: Build Project] WARN  o.e.m.c.i.embedder.EclipseLogger - Using platform encoding (UTF-8 actually) to copy filtered resources, i.e. build is platform dependent!
2021-12-17 23:33:23,531 [Worker-32: Build Project] INFO  o.e.m.c.i.embedder.EclipseLogger - skip non existing resourceDirectory /home/yunusshaik/Desktop/Final_FW/final_fw1/src/main/resources
2021-12-17 23:33:23,533 [Worker-32: Build Project] WARN  o.e.m.c.i.embedder.EclipseLogger - Using platform encoding (UTF-8 actually) to copy filtered resources, i.e. build is platform dependent!
2021-12-17 23:33:23,533 [Worker-32: Build Project] INFO  o.e.m.c.i.embedder.EclipseLogger - skip non existing resourceDirectory /home/yunusshaik/Desktop/Final_FW/final_fw1/src/test/resources
2021-12-17 23:34:35,140 [Worker-34: Launching Executing test in _home_yunusshaik_Desktop_Final_FW_final_fw1] INFO  o.e.m.i.launch.MavenLaunchDelegate - /home/yunusshaik/Desktop/Final_FW/final_fw1
2021-12-17 23:34:35,140 [Worker-34: Launching Executing test in _home_yunusshaik_Desktop_Final_FW_final_fw1] INFO  o.e.m.i.launch.MavenLaunchDelegate -  mvn -B test
2021-12-17 23:36:43,535 [Worker-36: Launching Executing test in _home_yunusshaik_Desktop_Final_FW_final_fw1] INFO  o.e.m.i.launch.MavenLaunchDelegate - /home/yunusshaik/Desktop/Final_FW/final_fw1
2021-12-17 23:36:43,535 [Worker-36: Launching Executing test in _home_yunusshaik_Desktop_Final_FW_final_fw1] INFO  o.e.m.i.launch.MavenLaunchDelegate -  mvn -B test
2021-12-17 23:42:19,989 [Worker-4: Loading available Gradle versions] INFO  o.e.b.c.i.u.g.PublishedGradleVersions - Gradle version information cache is up-to-date. Trying to read.
2021-12-17 23:51:26,309 [Worker-15: Launching Executing test in _home_yunusshaik_Desktop_Final_FW_final_fw1] INFO  o.e.m.i.launch.MavenLaunchDelegate - /home/yunusshaik/Desktop/Final_FW/final_fw1
2021-12-17 23:51:26,309 [Worker-15: Launching Executing test in _home_yunusshaik_Desktop_Final_FW_final_fw1] INFO  o.e.m.i.launch.MavenLaunchDelegate -  mvn -B test
2021-12-17 23:56:38,031 [Worker-24: Launching Executing clean in _home_yunusshaik_Desktop_Final_FW_final_fw1] INFO  o.e.m.i.launch.MavenLaunchDelegate - /home/yunusshaik/Desktop/Final_FW/final_fw1
2021-12-17 23:56:38,031 [Worker-24: Launching Executing clean in _home_yunusshaik_Desktop_Final_FW_final_fw1] INFO  o.e.m.i.launch.MavenLaunchDelegate -  mvn -B clean
2021-12-17 23:57:31,844 [Worker-27: Launching Executing test in _home_yunusshaik_Desktop_Final_FW_final_fw1] INFO  o.e.m.i.launch.MavenLaunchDelegate - /home/yunusshaik/Desktop/Final_FW/final_fw1
2021-12-17 23:57:31,844 [Worker-27: Launching Executing test in _home_yunusshaik_Desktop_Final_FW_final_fw1] INFO  o.e.m.i.launch.MavenLaunchDelegate -  mvn -B test
2021-12-17 23:59:03,212 [Worker-26: Launching Executing install in _home_yunusshaik_Desktop_Final_FW_final_fw1] INFO  o.e.m.i.launch.MavenLaunchDelegate - /home/yunusshaik/Desktop/Final_FW/final_fw1
2021-12-17 23:59:03,212 [Worker-26: Launching Executing install in _home_yunusshaik_Desktop_Final_FW_final_fw1] INFO  o.e.m.i.launch.MavenLaunchDelegate -  mvn -B install
2021-12-18 00:00:56,236 [Worker-30: Cleaning all projects] INFO  o.e.m.c.i.l.LifecycleMappingFactory - Using org.eclipse.m2e.jdt.JarLifecycleMapping lifecycle mapping for MavenProject: final_fw:final_fw1:0.0.1-SNAPSHOT @ /home/yunusshaik/Desktop/Final_FW/final_fw1/pom.xml.
2021-12-18 00:00:57,599 [Worker-28: Building Workspace] WARN  o.e.m.c.i.embedder.EclipseLogger - Using platform encoding (UTF-8 actually) to copy filtered resources, i.e. build is platform dependent!
2021-12-18 00:00:57,600 [Worker-28: Building Workspace] INFO  o.e.m.c.i.embedder.EclipseLogger - skip non existing resourceDirectory /home/yunusshaik/Desktop/Final_FW/final_fw1/src/main/resources
2021-12-18 00:00:57,604 [Worker-28: Building Workspace] WARN  o.e.m.c.i.embedder.EclipseLogger - Using platform encoding (UTF-8 actually) to copy filtered resources, i.e. build is platform dependent!
2021-12-18 00:00:57,605 [Worker-28: Building Workspace] INFO  o.e.m.c.i.embedder.EclipseLogger - skip non existing resourceDirectory /home/yunusshaik/Desktop/Final_FW/final_fw1/src/test/resources
2021-12-18 00:00:59,335 [Worker-31: Download sources and javadoc] INFO  o.e.m.c.i.e.AbstractTransferListenerAdapter - Downloading https://repo.maven.apache.org/maven2/com/google/guava/guava/17.0/guava-17.0-sources.jar
2021-12-18 00:01:00,280 [Worker-31: Download sources and javadoc] INFO  o.e.m.c.i.e.AbstractTransferListenerAdapter - Downloaded https://repo.maven.apache.org/maven2/com/google/guava/guava/17.0/guava-17.0-sources.jar
2021-12-18 00:01:01,088 [Worker-31: Download sources and javadoc] INFO  o.e.m.j.internal.DownloadSourcesJob - Downloaded sources for com.google.guava:guava:17.0
2021-12-18 00:04:11,426 [Worker-34: Launching Executing test in _home_yunusshaik_Desktop_Final_FW_final_fw1] INFO  o.e.m.i.launch.MavenLaunchDelegate - /home/yunusshaik/Desktop/Final_FW/final_fw1
2021-12-18 00:04:11,426 [Worker-34: Launching Executing test in _home_yunusshaik_Desktop_Final_FW_final_fw1] INFO  o.e.m.i.launch.MavenLaunchDelegate -  mvn -B test
2021-12-18 00:13:04,919 [Worker-38: Rebuilding] INFO  o.e.m.c.i.l.LifecycleMappingFactory - Using org.eclipse.m2e.jdt.JarLifecycleMapping lifecycle mapping for MavenProject: final_fw:final_fw1:0.0.1-SNAPSHOT @ /home/yunusshaik/Desktop/Final_FW/final_fw1/pom.xml.
2021-12-18 00:13:05,656 [Worker-38: Rebuilding] INFO  o.e.m.c.i.embedder.EclipseLogger - Using 'UTF-8' encoding to copy filtered resources.
2021-12-18 00:13:05,656 [Worker-38: Rebuilding] INFO  o.e.m.c.i.embedder.EclipseLogger - skip non existing resourceDirectory /home/yunusshaik/Desktop/Final_FW/final_fw1/src/main/resources
2021-12-18 00:13:05,659 [Worker-38: Rebuilding] INFO  o.e.m.c.i.embedder.EclipseLogger - Using 'UTF-8' encoding to copy filtered resources.
2021-12-18 00:13:05,659 [Worker-38: Rebuilding] INFO  o.e.m.c.i.embedder.EclipseLogger - skip non existing resourceDirectory /home/yunusshaik/Desktop/Final_FW/final_fw1/src/test/resources
2021-12-18 00:14:33,617 [Worker-40: Rebuilding] INFO  o.e.m.c.i.embedder.EclipseLogger - Using 'UTF-8' encoding to copy filtered resources.
2021-12-18 00:14:33,617 [Worker-40: Rebuilding] INFO  o.e.m.c.i.embedder.EclipseLogger - skip non existing resourceDirectory /home/yunusshaik/Desktop/Final_FW/final_fw1/src/main/resources
2021-12-18 00:14:33,619 [Worker-40: Rebuilding] INFO  o.e.m.c.i.embedder.EclipseLogger - Using 'UTF-8' encoding to copy filtered resources.
2021-12-18 00:14:33,620 [Worker-40: Rebuilding] INFO  o.e.m.c.i.embedder.EclipseLogger - skip non existing resourceDirectory /home/yunusshaik/Desktop/Final_FW/final_fw1/src/test/resources
2021-12-18 00:22:44,417 [Worker-35: Cleaning all projects] INFO  o.e.m.c.i.l.LifecycleMappingFactory - Using org.eclipse.m2e.jdt.JarLifecycleMapping lifecycle mapping for MavenProject: final_fw:final_fw1:0.0.1-SNAPSHOT @ /home/yunusshaik/Desktop/Final_FW/final_fw1/pom.xml.
2021-12-18 00:22:45,377 [Worker-42: Building Workspace] INFO  o.e.m.c.i.embedder.EclipseLogger - Using 'UTF-8' encoding to copy filtered resources.
2021-12-18 00:22:45,378 [Worker-42: Building Workspace] INFO  o.e.m.c.i.embedder.EclipseLogger - skip non existing resourceDirectory /home/yunusshaik/Desktop/Final_FW/final_fw1/src/main/resources
2021-12-18 00:22:45,380 [Worker-42: Building Workspace] INFO  o.e.m.c.i.embedder.EclipseLogger - Using 'UTF-8' encoding to copy filtered resources.
2021-12-18 00:22:45,380 [Worker-42: Building Workspace] INFO  o.e.m.c.i.embedder.EclipseLogger - skip non existing resourceDirectory /home/yunusshaik/Desktop/Final_FW/final_fw1/src/test/resources
2021-12-18 00:23:44,959 [Worker-35: Launching Executing test in _home_yunusshaik_Desktop_Final_FW_final_fw1] INFO  o.e.m.i.launch.MavenLaunchDelegate - /home/yunusshaik/Desktop/Final_FW/final_fw1
2021-12-18 00:23:44,960 [Worker-35: Launching Executing test in _home_yunusshaik_Desktop_Final_FW_final_fw1] INFO  o.e.m.i.launch.MavenLaunchDelegate -  mvn -B test
2021-12-18 00:26:56,803 [Worker-41: Launching Executing test in _home_yunusshaik_Desktop_Final_FW_final_fw1] INFO  o.e.m.i.launch.MavenLaunchDelegate - /home/yunusshaik/Desktop/Final_FW/final_fw1
2021-12-18 00:26:56,803 [Worker-41: Launching Executing test in _home_yunusshaik_Desktop_Final_FW_final_fw1] INFO  o.e.m.i.launch.MavenLaunchDelegate -  mvn -B test
2021-12-18 00:30:26,558 [Worker-41: Launching Executing test in _home_yunusshaik_Desktop_Final_FW_final_fw1] INFO  o.e.m.i.launch.MavenLaunchDelegate - /home/yunusshaik/Desktop/Final_FW/final_fw1
2021-12-18 00:30:26,558 [Worker-41: Launching Executing test in _home_yunusshaik_Desktop_Final_FW_final_fw1] INFO  o.e.m.i.launch.MavenLaunchDelegate -  mvn -B test
2021-12-18 00:31:11,471 [Worker-45: Launching final_fw1_sanity_testng.xml] INFO  o.e.m.c.i.l.LifecycleMappingFactory - Using org.eclipse.m2e.jdt.JarLifecycleMapping lifecycle mapping for MavenProject: final_fw:final_fw1:0.0.1-SNAPSHOT @ /home/yunusshaik/Desktop/Final_FW/final_fw1/pom.xml.
2021-12-18 00:31:12,149 [Worker-45: Launching final_fw1_sanity_testng.xml] INFO  o.e.m.c.i.embedder.EclipseLogger - Using 'UTF-8' encoding to copy filtered resources.
2021-12-18 00:31:12,149 [Worker-45: Launching final_fw1_sanity_testng.xml] INFO  o.e.m.c.i.embedder.EclipseLogger - skip non existing resourceDirectory /home/yunusshaik/Desktop/Final_FW/final_fw1/src/main/resources
2021-12-18 00:31:12,151 [Worker-45: Launching final_fw1_sanity_testng.xml] INFO  o.e.m.c.i.embedder.EclipseLogger - Using 'UTF-8' encoding to copy filtered resources.
2021-12-18 00:31:12,151 [Worker-45: Launching final_fw1_sanity_testng.xml] INFO  o.e.m.c.i.embedder.EclipseLogger - skip non existing resourceDirectory /home/yunusshaik/Desktop/Final_FW/final_fw1/src/test/resources
2021-12-18 00:32:44,379 [Worker-45: Building Workspace] INFO  o.e.m.c.i.embedder.EclipseLogger - Using 'UTF-8' encoding to copy filtered resources.
2021-12-18 00:32:44,379 [Worker-45: Building Workspace] INFO  o.e.m.c.i.embedder.EclipseLogger - skip non existing resourceDirectory /home/yunusshaik/Desktop/Final_FW/final_fw1/src/main/resources
2021-12-18 00:32:44,381 [Worker-45: Building Workspace] INFO  o.e.m.c.i.embedder.EclipseLogger - Using 'UTF-8' encoding to copy filtered resources.
2021-12-18 00:32:44,381 [Worker-45: Building Workspace] INFO  o.e.m.c.i.embedder.EclipseLogger - skip non existing resourceDirectory /home/yunusshaik/Desktop/Final_FW/final_fw1/src/test/resources
2021-12-18 00:33:23,698 [Worker-48: Building Workspace] INFO  o.e.m.c.i.embedder.EclipseLogger - Using 'UTF-8' encoding to copy filtered resources.
2021-12-18 00:33:23,698 [Worker-48: Building Workspace] INFO  o.e.m.c.i.embedder.EclipseLogger - skip non existing resourceDirectory /home/yunusshaik/Desktop/Final_FW/final_fw1/src/main/resources
2021-12-18 00:33:23,700 [Worker-48: Building Workspace] INFO  o.e.m.c.i.embedder.EclipseLogger - Using 'UTF-8' encoding to copy filtered resources.
2021-12-18 00:33:23,701 [Worker-48: Building Workspace] INFO  o.e.m.c.i.embedder.EclipseLogger - skip non existing resourceDirectory /home/yunusshaik/Desktop/Final_FW/final_fw1/src/test/resources
2021-12-18 00:37:06,235 [Worker-43: Launching final_fw1_sanity_testng.xml] INFO  o.e.m.c.i.l.LifecycleMappingFactory - Using org.eclipse.m2e.jdt.JarLifecycleMapping lifecycle mapping for MavenProject: final_fw:final_fw1:0.0.1-SNAPSHOT @ /home/yunusshaik/Desktop/Final_FW/final_fw1/pom.xml.
2021-12-18 00:37:06,720 [Worker-43: Launching final_fw1_sanity_testng.xml] INFO  o.e.m.c.i.embedder.EclipseLogger - Using 'UTF-8' encoding to copy filtered resources.
2021-12-18 00:37:06,720 [Worker-43: Launching final_fw1_sanity_testng.xml] INFO  o.e.m.c.i.embedder.EclipseLogger - skip non existing resourceDirectory /home/yunusshaik/Desktop/Final_FW/final_fw1/src/main/resources
2021-12-18 00:37:06,723 [Worker-43: Launching final_fw1_sanity_testng.xml] INFO  o.e.m.c.i.embedder.EclipseLogger - Using 'UTF-8' encoding to copy filtered resources.
2021-12-18 00:37:06,723 [Worker-43: Launching final_fw1_sanity_testng.xml] INFO  o.e.m.c.i.embedder.EclipseLogger - skip non existing resourceDirectory /home/yunusshaik/Desktop/Final_FW/final_fw1/src/test/resources
